Command line:
   wac_top_tb3_isim_beh.exe
     -simmode  gui
     -simrunnum  0
     -socket  50082

Wed Dec 09 17:48:48 2015


 Elaboration Time: 0.0156 sec

 Current Memory Usage: 501.219 Meg

 Total Signals          : 118
 Total Nets             : 164
 Total Signal Drivers   : 50
 Total Blocks           : 9
 Total Primitive Blocks : 6
 Total Processes        : 72
 Total Traceable Variables  : 72
 Total Scalar Nets and Variables : 437
Total Line Count : 275

 Total Simulation Time: 0.0156 sec

 Current Memory Usage: 501.219 Meg

Wed Dec 09 17:54:03 2015

