Running: C:\Xilinx\14.7\ISE_DS\ISE\bin\nt64\unwrapped\fuse.exe -intstyle ise -incremental -lib unisims_ver -lib unimacro_ver -lib xilinxcorelib_ver -o C:/Users/Wac/Google Drive/Memoria/Codigos FPGA/Codigo06/wacTest_tb_isim_beh.exe -prj C:/Users/Wac/Google Drive/Memoria/Codigos FPGA/Codigo06/wacTest_tb_beh.prj work.wacTest_tb work.glbl 
ISim P.20131013 (signature 0x7708f090)
Number of CPUs detected in this system: 4
Turning on mult-threading, number of parallel sub-compilation jobs: 8 
Determining compilation order of HDL files
Analyzing Verilog file "C:/Users/Wac/Google Drive/Memoria/Codigos FPGA/Codigo06/secuenciador.v" into library work
Analyzing Verilog file "C:/Users/Wac/Google Drive/Memoria/Codigos FPGA/Codigo06/Digipot_ctrl.v" into library work
Analyzing Verilog file "C:/Users/Wac/Google Drive/Memoria/Codigos FPGA/Codigo06/Dac_ctrl.v" into library work
Analyzing Verilog file "C:/Users/Wac/Google Drive/Memoria/Codigos FPGA/Codigo06/adcCtrl2.v" into library work
Analyzing Verilog file "C:/Users/Wac/Google Drive/Memoria/Codigos FPGA/Codigo06/wacCtrl.v" into library work
Analyzing Verilog file "C:/Users/Wac/Google Drive/Memoria/Codigos FPGA/Codigo06/WacComCtrl.v" into library work
Analyzing Verilog file "C:/Users/Wac/Google Drive/Memoria/Codigos FPGA/Codigo06/wacTest.v" into library work
Analyzing Verilog file "C:/Users/Wac/Google Drive/Memoria/Codigos FPGA/Codigo06/wacTest_tb.v" into library work
Analyzing Verilog file "C:/Xilinx/14.7/ISE_DS/ISE//verilog/src/glbl.v" into library work
Starting static elaboration
Completed static elaboration
Compiling module WacComCtrl
Compiling module Dac_ctrl
Compiling module Digipot_ctrl
Compiling module adcCtrl2
Compiling module secuenciador
Compiling module wacCtrl
Compiling module wacTest
Compiling module wacTest_tb
Compiling module glbl
Time Resolution for simulation is 1ps.
Waiting for 2 sub-compilation(s) to finish...
Compiled 9 Verilog Units
Built simulation executable C:/Users/Wac/Google Drive/Memoria/Codigos FPGA/Codigo06/wacTest_tb_isim_beh.exe
Fuse Memory Usage: 28648 KB
Fuse CPU Usage: 499 ms
