Release 14.1 - xst P.15xf (nt64)
Copyright (c) 1995-2012 Xilinx, Inc.  All rights reserved.
--> Parameter TMPDIR set to xst/projnav.tmp


Total REAL time to Xst completion: 1.00 secs
Total CPU time to Xst completion: 0.53 secs
 
--> Parameter xsthdpdir set to xst


Total REAL time to Xst completion: 1.00 secs
Total CPU time to Xst completion: 0.54 secs
 
--> Reading design: top.prj

TABLE OF CONTENTS
  1) Synthesis Options Summary
  2) HDL Parsing
  3) HDL Elaboration
  4) HDL Synthesis
       4.1) HDL Synthesis Report
  5) Advanced HDL Synthesis
       5.1) Advanced HDL Synthesis Report
  6) Low Level Synthesis
  7) Partition Report
  8) Design Summary
       8.1) Primitive and Black Box Usage
       8.2) Device utilization summary
       8.3) Partition Resource Summary
       8.4) Timing Report
            8.4.1) Clock Information
            8.4.2) Asynchronous Control Signals Information
            8.4.3) Timing Summary
            8.4.4) Timing Details
            8.4.5) Cross Clock Domains Report


=========================================================================
*                      Synthesis Options Summary                        *
=========================================================================
---- Source Parameters
Input File Name                    : "top.prj"
Ignore Synthesis Constraint File   : NO

---- Target Parameters
Output File Name                   : "top"
Output Format                      : NGC
Target Device                      : xc6slx16-3-csg324

---- Source Options
Top Module Name                    : top
Automatic FSM Extraction           : YES
FSM Encoding Algorithm             : Auto
Safe Implementation                : No
FSM Style                          : LUT
RAM Extraction                     : Yes
RAM Style                          : Auto
ROM Extraction                     : Yes
Shift Register Extraction          : YES
ROM Style                          : Auto
Resource Sharing                   : YES
Asynchronous To Synchronous        : NO
Shift Register Minimum Size        : 2
Use DSP Block                      : Auto
Automatic Register Balancing       : No

---- Target Options
LUT Combining                      : Auto
Reduce Control Sets                : Auto
Add IO Buffers                     : YES
Global Maximum Fanout              : 100000
Add Generic Clock Buffer(BUFG)     : 16
Register Duplication               : YES
Optimize Instantiated Primitives   : NO
Use Clock Enable                   : Auto
Use Synchronous Set                : Auto
Use Synchronous Reset              : Auto
Pack IO Registers into IOBs        : Auto
Equivalent register Removal        : YES

---- General Options
Optimization Goal                  : Speed
Optimization Effort                : 1
Power Reduction                    : NO
Keep Hierarchy                     : No
Netlist Hierarchy                  : As_Optimized
RTL Output                         : Yes
Global Optimization                : AllClockNets
Read Cores                         : YES
Write Timing Constraints           : NO
Cross Clock Analysis               : NO
Hierarchy Separator                : /
Bus Delimiter                      : <>
Case Specifier                     : Maintain
Slice Utilization Ratio            : 100
BRAM Utilization Ratio             : 100
DSP48 Utilization Ratio            : 100
Auto BRAM Packing                  : NO
Slice Utilization Ratio Delta      : 5

=========================================================================


=========================================================================
*                          HDL Parsing                                  *
=========================================================================
Analyzing Verilog file "C:\Users\Wac\Desktop\1_2014\Memoria\codigos\Prueba\clk_div.v" into library work
Parsing module <clk_div>.
Analyzing Verilog file "C:\Users\Wac\Desktop\1_2014\Memoria\codigos\Prueba\top.v" into library work
Parsing module <top>.

=========================================================================
*                            HDL Elaboration                            *
=========================================================================

Elaborating module <top>.

Elaborating module <clk_div>.
WARNING:HDLCompiler:413 - "C:\Users\Wac\Desktop\1_2014\Memoria\codigos\Prueba\clk_div.v" Line 29: Result of 17-bit expression is truncated to fit in 16-bit target.

=========================================================================
*                           HDL Synthesis                               *
=========================================================================

Synthesizing Unit <top>.
    Related source file is "C:\Users\Wac\Desktop\1_2014\Memoria\codigos\Prueba\top.v".
    Summary:
	no macro.
Unit <top> synthesized.

Synthesizing Unit <clk_div>.
    Related source file is "C:\Users\Wac\Desktop\1_2014\Memoria\codigos\Prueba\clk_div.v".
    Found 16-bit register for signal <count>.
    Found 16-bit adder for signal <count[15]_GND_2_o_add_1_OUT> created at line 29.
    Summary:
	inferred   1 Adder/Subtractor(s).
	inferred  16 D-type flip-flop(s).
Unit <clk_div> synthesized.

=========================================================================
HDL Synthesis Report

Macro Statistics
# Adders/Subtractors                                   : 1
 16-bit adder                                          : 1
# Registers                                            : 1
 16-bit register                                       : 1

=========================================================================

=========================================================================
*                       Advanced HDL Synthesis                          *
=========================================================================


Synthesizing (advanced) Unit <clk_div>.
The following registers are absorbed into counter <count>: 1 register on signal <count>.
Unit <clk_div> synthesized (advanced).

=========================================================================
Advanced HDL Synthesis Report

Macro Statistics
# Counters                                             : 1
 16-bit up counter                                     : 1

=========================================================================

=========================================================================
*                         Low Level Synthesis                           *
=========================================================================
WARNING:Xst:2677 - Node <uut/count_9> of sequential type is unconnected in block <top>.
WARNING:Xst:2677 - Node <uut/count_10> of sequential type is unconnected in block <top>.
WARNING:Xst:2677 - Node <uut/count_11> of sequential type is unconnected in block <top>.
WARNING:Xst:2677 - Node <uut/count_12> of sequential type is unconnected in block <top>.
WARNING:Xst:2677 - Node <uut/count_13> of sequential type is unconnected in block <top>.
WARNING:Xst:2677 - Node <uut/count_14> of sequential type is unconnected in block <top>.
WARNING:Xst:2677 - Node <uut/count_15> of sequential type is unconnected in block <top>.

Optimizing unit <top> ...

Mapping all equations...
Building and optimizing final netlist ...
Found area constraint ratio of 100 (+ 5) on block top, actual ratio is 0.

Final Macro Processing ...

=========================================================================
Final Register Report

Macro Statistics
# Registers                                            : 9
 Flip-Flops                                            : 9

=========================================================================

=========================================================================
*                           Partition Report                            *
=========================================================================

Partition Implementation Status
-------------------------------

  No Partitions were found in this design.

-------------------------------

=========================================================================
*                            Design Summary                             *
=========================================================================

Top Level Output File Name         : top.ngc

Primitive and Black Box Usage:
------------------------------
# BELS                             : 28
#      GND                         : 1
#      INV                         : 1
#      LUT1                        : 8
#      MUXCY                       : 8
#      VCC                         : 1
#      XORCY                       : 9
# FlipFlops/Latches                : 9
#      FD                          : 9
# Clock Buffers                    : 1
#      BUFGP                       : 1
# IO Buffers                       : 4
#      OBUF                        : 4

Device utilization summary:
---------------------------

Selected Device : 6slx16csg324-3 


Slice Logic Utilization: 
 Number of Slice Registers:               9  out of  18224     0%  
 Number of Slice LUTs:                    9  out of   9112     0%  
    Number used as Logic:                 9  out of   9112     0%  

Slice Logic Distribution: 
 Number of LUT Flip Flop pairs used:      9
   Number with an unused Flip Flop:       0  out of      9     0%  
   Number with an unused LUT:             0  out of      9     0%  
   Number of fully used LUT-FF pairs:     9  out of      9   100%  
   Number of unique control sets:         1

IO Utilization: 
 Number of IOs:                           5
 Number of bonded IOBs:                   5  out of    232     2%  

Specific Feature Utilization:
 Number of BUFG/BUFGCTRLs:                1  out of     16     6%  

---------------------------
Partition Resource Summary:
---------------------------

  No Partitions were found in this design.

---------------------------


=========================================================================
Timing Report

NOTE: THESE TIMING NUMBERS ARE ONLY A SYNTHESIS ESTIMATE.
      FOR ACCURATE TIMING INFORMATION PLEASE REFER TO THE TRACE REPORT
      GENERATED AFTER PLACE-and-ROUTE.

Clock Information:
------------------
-----------------------------------+------------------------+-------+
Clock Signal                       | Clock buffer(FF name)  | Load  |
-----------------------------------+------------------------+-------+
clk                                | BUFGP                  | 9     |
-----------------------------------+------------------------+-------+

Asynchronous Control Signals Information:
----------------------------------------
No asynchronous control signals found in this design

Timing Summary:
---------------
Speed Grade: -3

   Minimum period: 1.819ns (Maximum Frequency: 549.798MHz)
   Minimum input arrival time before clock: No path found
   Maximum output required time after clock: 3.634ns
   Maximum combinational path delay: No path found

Timing Details:
---------------
All values displayed in nanoseconds (ns)

=========================================================================
Timing constraint: Default period analysis for Clock 'clk'
  Clock period: 1.819ns (frequency: 549.798MHz)
  Total number of paths / destination ports: 45 / 9
-------------------------------------------------------------------------
Delay:               1.819ns (Levels of Logic = 10)
  Source:            uut/count_0 (FF)
  Destination:       uut/count_8 (FF)
  Source Clock:      clk rising
  Destination Clock: clk rising

  Data Path: uut/count_0 to uut/count_8
                                Gate     Net
    Cell:in->out      fanout   Delay   Delay  Logical Name (Net Name)
    ----------------------------------------  ------------
     FD:C->Q               1   0.447   0.579  uut/count_0 (uut/count_0)
     INV:I->O              1   0.206   0.000  uut/Mcount_count_lut<0>_INV_0 (uut/Mcount_count_lut<0>)
     MUXCY:S->O            1   0.172   0.000  uut/Mcount_count_cy<0> (uut/Mcount_count_cy<0>)
     MUXCY:CI->O           1   0.019   0.000  uut/Mcount_count_cy<1> (uut/Mcount_count_cy<1>)
     MUXCY:CI->O           1   0.019   0.000  uut/Mcount_count_cy<2> (uut/Mcount_count_cy<2>)
     MUXCY:CI->O           1   0.019   0.000  uut/Mcount_count_cy<3> (uut/Mcount_count_cy<3>)
     MUXCY:CI->O           1   0.019   0.000  uut/Mcount_count_cy<4> (uut/Mcount_count_cy<4>)
     MUXCY:CI->O           1   0.019   0.000  uut/Mcount_count_cy<5> (uut/Mcount_count_cy<5>)
     MUXCY:CI->O           1   0.019   0.000  uut/Mcount_count_cy<6> (uut/Mcount_count_cy<6>)
     MUXCY:CI->O           0   0.019   0.000  uut/Mcount_count_cy<7> (uut/Mcount_count_cy<7>)
     XORCY:CI->O           1   0.180   0.000  uut/Mcount_count_xor<8> (Result<8>)
     FD:D                      0.102          uut/count_8
    ----------------------------------------
    Total                      1.819ns (1.240ns logic, 0.579ns route)
                                       (68.2% logic, 31.8% route)

=========================================================================
Timing constraint: Default OFFSET OUT AFTER for Clock 'clk'
  Total number of paths / destination ports: 4 / 4
-------------------------------------------------------------------------
Offset:              3.634ns (Levels of Logic = 1)
  Source:            uut/count_2 (FF)
  Destination:       clk1 (PAD)
  Source Clock:      clk rising

  Data Path: uut/count_2 to clk1
                                Gate     Net
    Cell:in->out      fanout   Delay   Delay  Logical Name (Net Name)
    ----------------------------------------  ------------
     FD:C->Q               2   0.447   0.616  uut/count_2 (uut/count_2)
     OBUF:I->O                 2.571          clk1_OBUF (clk1)
    ----------------------------------------
    Total                      3.634ns (3.018ns logic, 0.616ns route)
                                       (83.0% logic, 17.0% route)

=========================================================================

Cross Clock Domains Report:
--------------------------

Clock to Setup on destination clock clk
---------------+---------+---------+---------+---------+
               | Src:Rise| Src:Fall| Src:Rise| Src:Fall|
Source Clock   |Dest:Rise|Dest:Rise|Dest:Fall|Dest:Fall|
---------------+---------+---------+---------+---------+
clk            |    1.819|         |         |         |
---------------+---------+---------+---------+---------+

=========================================================================


Total REAL time to Xst completion: 17.00 secs
Total CPU time to Xst completion: 16.81 secs
 
--> 

Total memory usage is 253416 kilobytes

Number of errors   :    0 (   0 filtered)
Number of warnings :    8 (   0 filtered)
Number of infos    :    0 (   0 filtered)

