Build started 03/03/2016 16:34:19.
     1>Project "C:\Users\Wac\Desktop\1_2014\Memoria\codigos C++\EppPrueba\EppPrueba\EppPrueba.vcxproj" on node 2 (build target(s)).
     1>InitializeBuildStatus:
         Creating "Debug\EppPrueba.unsuccessfulbuild" because "AlwaysCreate" was specified.
       ClCompile:
         All outputs are up-to-date.
         C:\Program Files (x86)\Microsoft Visual Studio 10.0\VC\bin\CL.exe /c /ZI /nologo /W3 /WX- /Od /Oy- /D WIN32 /D _DEBUG /D _CONSOLE /D _UNICODE /D UNICODE /Gm /EHsc /RTC1 /MDd /GS /fp:precise /Zc:wchar_t /Zc:forScope /Yu"StdAfx.h" /Fp"Debug\EppPrueba.pch" /Fo"Debug\\" /Fd"Debug\vc100.pdb" /Gd /TP /analyze- /errorReport:prompt EppPrueba.cpp
         EppPrueba.cpp
       ManifestResourceCompile:
         All outputs are up-to-date.
       Link:
         C:\Program Files (x86)\Microsoft Visual Studio 10.0\VC\bin\link.exe /ERRORREPORT:PROMPT /OUT:"C:\Users\Wac\Desktop\1_2014\Memoria\codigos C++\EppPrueba\Debug\EppPrueba.exe" /INCREMENTAL /NOLOGO /LIBPATH:"C:\Users\Wac\Desktop\1_2014\Memoria\codigos C++\EppPrueba\EppPrueba\lib" depp.lib dpcomm.lib dmgr.lib dpcutil.lib kernel32.lib user32.lib gdi32.lib winspool.lib comdlg32.lib advapi32.lib shell32.lib ole32.lib oleaut32.lib uuid.lib odbc32.lib odbccp32.lib /MANIFEST /ManifestFile:"Debug\EppPrueba.exe.intermediate.manifest" /MANIFESTUAC:"level='asInvoker' uiAccess='false'" /DEBUG /PDB:"C:\Users\Wac\Desktop\1_2014\Memoria\codigos C++\EppPrueba\Debug\EppPrueba.pdb" /SUBSYSTEM:CONSOLE /TLBID:1 /DYNAMICBASE /NXCOMPAT /IMPLIB:"C:\Users\Wac\Desktop\1_2014\Memoria\codigos C++\EppPrueba\Debug\EppPrueba.lib" /MACHINE:X86 Debug\EppPrueba.exe.embed.manifest.res
         Debug\EppPrueba.obj
         Debug\stdafx.obj
       Manifest:
         C:\Program Files (x86)\Microsoft SDKs\Windows\v7.0A\bin\mt.exe /nologo /verbose /out:"Debug\EppPrueba.exe.embed.manifest" /manifest Debug\EppPrueba.exe.intermediate.manifest
         All outputs are up-to-date.
       LinkEmbedManifest:
         All outputs are up-to-date.
         EppPrueba.vcxproj -> C:\Users\Wac\Desktop\1_2014\Memoria\codigos C++\EppPrueba\Debug\EppPrueba.exe
       FinalizeBuildStatus:
         Deleting file "Debug\EppPrueba.unsuccessfulbuild".
         Touching "Debug\EppPrueba.lastbuildstate".
     1>Done Building Project "C:\Users\Wac\Desktop\1_2014\Memoria\codigos C++\EppPrueba\EppPrueba\EppPrueba.vcxproj" (build target(s)).

Build succeeded.

Time Elapsed 00:00:01.46
