Command line:
   secuenciador_tb_isim_beh.exe
     -simmode  gui
     -simrunnum  0
     -socket  59765

Mon Aug 08 14:45:18 2016


 Elaboration Time: 0.09375 sec

 Current Memory Usage: 371.683 Meg

 Total Signals          : 20
 Total Nets             : 42
 Total Signal Drivers   : 11
 Total Blocks           : 3
 Total Primitive Blocks : 2
 Total Processes        : 19
 Total Traceable Variables  : 29
 Total Scalar Nets and Variables : 1697
Total Line Count : 83
Total Line Count : 83

 Total Simulation Time: 0.140625 sec

 Current Memory Usage: 686.256 Meg

Mon Aug 08 14:47:49 2016

