INFO:sim:172 - Generating IP...
Resolving generics for 'BRAMAB'...
Applying external generics to 'BRAMAB'...
Delivering associated files for 'BRAMAB'...
WARNING:sim - Component blk_mem_gen_v7_1 does not have a valid model name for
   Verilog synthesis
Delivering EJava files for 'BRAMAB'...
Generating implementation netlist for 'BRAMAB'...
INFO:sim - Pre-processing HDL files for 'BRAMAB'...
Running synthesis for 'BRAMAB'
Running ngcbuild...
Writing VEO instantiation template for 'BRAMAB'...
Writing Verilog behavioral simulation model for 'BRAMAB'...
Generating ASY schematic symbol...
INFO:sim:949 - Finished generation of ASY schematic symbol.
Generating SYM schematic symbol for 'BRAMAB'...
Generating metadata file...
Generating ISE project...
XCO file found: BRAMAB.xco
XMDF file found: BRAMAB_xmdf.tcl
Adding C:/Users/Wac/Desktop/1_2014/Memoria/Codigos
FPGA/EPP_PRUEBA/ipcore_dir/tmp/_cg/BRAMAB.asy -view all -origin_type imported
Adding C:/Users/Wac/Desktop/1_2014/Memoria/Codigos
FPGA/EPP_PRUEBA/ipcore_dir/tmp/_cg/BRAMAB.ngc -view all -origin_type created
Checking file "C:/Users/Wac/Desktop/1_2014/Memoria/Codigos
FPGA/EPP_PRUEBA/ipcore_dir/tmp/_cg/BRAMAB.ngc" for project device match ...
File "C:/Users/Wac/Desktop/1_2014/Memoria/Codigos
FPGA/EPP_PRUEBA/ipcore_dir/tmp/_cg/BRAMAB.ngc" device information matches
project device.
Adding C:/Users/Wac/Desktop/1_2014/Memoria/Codigos
FPGA/EPP_PRUEBA/ipcore_dir/tmp/_cg/BRAMAB.sym -view all -origin_type imported
Adding C:/Users/Wac/Desktop/1_2014/Memoria/Codigos
FPGA/EPP_PRUEBA/ipcore_dir/tmp/_cg/BRAMAB.v -view all -origin_type created
INFO:HDLCompiler:1845 - Analyzing Verilog file
   "C:/Users/Wac/Desktop/1_2014/Memoria/Codigos
   FPGA/EPP_PRUEBA/ipcore_dir/tmp/_cg/BRAMAB.v" into library work
INFO:ProjectMgmt - Parsing design hierarchy completed successfully.
Adding C:/Users/Wac/Desktop/1_2014/Memoria/Codigos
FPGA/EPP_PRUEBA/ipcore_dir/tmp/_cg/BRAMAB.veo -view all -origin_type imported
INFO:TclTasksC:2116 - The automatic calculation of top has been turned-off.
   Please set the new top explicitly by running the "project set top" command.
   To re-calculate the new top automatically, set the "Auto Implementation Top"
   property to true.
Top level has been set to "/BRAMAB"
Generating README file...
Generating FLIST file...
INFO:sim:948 - Finished FLIST file generation.
Launching README viewer...
Moving files to output directory...
Finished moving files to output directory
Wrote CGP file for project 'BRAMAB'.
