Release 14.7 Map P.20131013 (nt64)
Xilinx Mapping Report File for Design 'Epp_top'

Design Information
------------------
Command Line   : map -intstyle ise -p xc3s500e-fg320-4 -cm area -ir off -pr off
-c 100 -o Epp_top_map.ncd Epp_top.ngd Epp_top.pcf 
Target Device  : xc3s500e
Target Package : fg320
Target Speed   : -4
Mapper Version : spartan3e -- $Revision: 1.55 $
Mapped Date    : Wed Aug 03 18:12:03 2016

Design Summary
--------------
Number of errors:      0
Number of warnings:    1
Logic Utilization:
  Number of Slice Flip Flops:           299 out of   9,312    3%
  Number of 4 input LUTs:               464 out of   9,312    4%
Logic Distribution:
  Number of occupied Slices:            374 out of   4,656    8%
    Number of Slices containing only related logic:     374 out of     374 100%
    Number of Slices containing unrelated logic:          0 out of     374   0%
      *See NOTES below for an explanation of the effects of unrelated logic.
  Total Number of 4 input LUTs:         571 out of   9,312    6%
    Number used as logic:               464
    Number used as a route-thru:        107

  The Slice Logic Distribution report is not meaningful if the design is
  over-mapped for a non-slice resource or if Placement fails.

  Number of bonded IOBs:                 69 out of     232   29%
    IOB Flip Flops:                       2
  Number of RAMB16s:                      2 out of      20   10%
  Number of BUFGMUXs:                     2 out of      24    8%

Average Fanout of Non-Clock Nets:                3.03

Peak Memory Usage:  284 MB
Total REAL time to MAP completion:  5 secs 
Total CPU time to MAP completion:   5 secs 

NOTES:

   Related logic is defined as being logic that shares connectivity - e.g. two
   LUTs are "related" if they share common inputs.  When assembling slices,
   Map gives priority to combine logic that is related.  Doing so results in
   the best timing performance.

   Unrelated logic shares no connectivity.  Map will only begin packing
   unrelated logic into a slice once 99% of the slices are occupied through
   related logic packing.

   Note that once logic distribution reaches the 99% level through related
   logic packing, this does not mean the device is completely utilized.
   Unrelated logic packing will then begin, continuing until all usable LUTs
   and FFs are occupied.  Depending on your timing budget, increased levels of
   unrelated logic packing may adversely affect the overall timing performance
   of your design.

Table of Contents
-----------------
Section 1 - Errors
Section 2 - Warnings
Section 3 - Informational
Section 4 - Removed Logic Summary
Section 5 - Removed Logic
Section 6 - IOB Properties
Section 7 - RPMs
Section 8 - Guide Report
Section 9 - Area Group and Partition Summary
Section 10 - Timing Report
Section 11 - Configuration String Information
Section 12 - Control Set Information
Section 13 - Utilization by Hierarchy

Section 1 - Errors
------------------

Section 2 - Warnings
--------------------
WARNING:PhysDesignRules:372 - Gated clock. Clock net mod2/aux is sourced by a
   combinatorial pin. This is not good design practice. Use the CE pin to
   control the loading of data into the flip-flop.

Section 3 - Informational
-------------------------
INFO:MapLib:562 - No environment variables are currently set.
INFO:LIT:244 - All of the single ended outputs in this design are using slew
   rate limited output drivers. The delay on speed critical single ended outputs
   can be dramatically reduced by designating them as fast outputs.

Section 4 - Removed Logic Summary
---------------------------------
   4 block(s) optimized away

Section 5 - Removed Logic
-------------------------

Optimized Block(s):
TYPE 		BLOCK
GND 		XST_GND
VCC 		XST_VCC
GND 		mod3/XST_GND
VCC 		mod3/XST_VCC

To enable printing of redundant blocks removed and signals merged, set the
detailed map report option and rerun map.

Section 6 - IOB Properties
--------------------------

+---------------------------------------------------------------------------------------------------------------------------------------------------------+
| IOB Name                           | Type             | Direction | IO Standard          | Diff  | Drive    | Slew | Reg (s)      | Resistor | IOB      |
|                                    |                  |           |                      | Term  | Strength | Rate |              |          | Delay    |
+---------------------------------------------------------------------------------------------------------------------------------------------------------+
| CLKADC1                            | IOB              | OUTPUT    | LVCMOS25             |       | 12       | SLOW |              |          | 0 / 0    |
| CLKADC2                            | IOB              | OUTPUT    | LVCMOS25             |       | 12       | SLOW |              |          | 0 / 0    |
| CLKDAC                             | IOB              | OUTPUT    | LVCMOS25             |       | 12       | SLOW |              |          | 0 / 0    |
| CLKREF                             | IOB              | OUTPUT    | LVCMOS25             |       | 12       | SLOW |              |          | 0 / 0    |
| CSADC1                             | IOB              | OUTPUT    | LVCMOS25             |       | 12       | SLOW |              |          | 0 / 0    |
| CSADC2                             | IOB              | OUTPUT    | LVCMOS25             |       | 12       | SLOW |              |          | 0 / 0    |
| CSDAC                              | IOB              | OUTPUT    | LVCMOS25             |       | 12       | SLOW |              |          | 0 / 0    |
| CSREF1                             | IOB              | OUTPUT    | LVCMOS25             |       | 12       | SLOW |              |          | 0 / 0    |
| CSREF2                             | IOB              | OUTPUT    | LVCMOS25             |       | 12       | SLOW |              |          | 0 / 0    |
| CSREF3                             | IOB              | OUTPUT    | LVCMOS25             |       | 12       | SLOW |              |          | 0 / 0    |
| DB<0>                              | IOB              | BIDIR     | LVCMOS25             |       | 12       | SLOW |              |          | 0 / 0    |
| DB<1>                              | IOB              | BIDIR     | LVCMOS25             |       | 12       | SLOW |              |          | 0 / 0    |
| DB<2>                              | IOB              | BIDIR     | LVCMOS25             |       | 12       | SLOW |              |          | 0 / 0    |
| DB<3>                              | IOB              | BIDIR     | LVCMOS25             |       | 12       | SLOW |              |          | 0 / 0    |
| DB<4>                              | IOB              | BIDIR     | LVCMOS25             |       | 12       | SLOW |              |          | 0 / 0    |
| DB<5>                              | IOB              | BIDIR     | LVCMOS25             |       | 12       | SLOW |              |          | 0 / 0    |
| DB<6>                              | IOB              | BIDIR     | LVCMOS25             |       | 12       | SLOW |              |          | 0 / 0    |
| DB<7>                              | IOB              | BIDIR     | LVCMOS25             |       | 12       | SLOW |              |          | 0 / 0    |
| EppAstb                            | IBUF             | INPUT     | LVCMOS25             |       |          |      |              |          | 0 / 0    |
| EppDstb                            | IBUF             | INPUT     | LVCMOS25             |       |          |      |              |          | 0 / 0    |
| EppWait                            | IOB              | OUTPUT    | LVCMOS25             |       | 12       | SLOW |              |          | 0 / 0    |
| EppWr                              | IBUF             | INPUT     | LVCMOS25             |       |          |      |              |          | 0 / 0    |
| Led<0>                             | IOB              | OUTPUT    | LVCMOS25             |       | 12       | SLOW |              |          | 0 / 0    |
| Led<1>                             | IOB              | OUTPUT    | LVCMOS25             |       | 12       | SLOW |              |          | 0 / 0    |
| Led<2>                             | IOB              | OUTPUT    | LVCMOS25             |       | 12       | SLOW |              |          | 0 / 0    |
| Led<3>                             | IOB              | OUTPUT    | LVCMOS25             |       | 12       | SLOW |              |          | 0 / 0    |
| Led<4>                             | IOB              | OUTPUT    | LVCMOS25             |       | 12       | SLOW |              |          | 0 / 0    |
| Led<5>                             | IOB              | OUTPUT    | LVCMOS25             |       | 12       | SLOW |              |          | 0 / 0    |
| Led<6>                             | IOB              | OUTPUT    | LVCMOS25             |       | 12       | SLOW |              |          | 0 / 0    |
| Led<7>                             | IOB              | OUTPUT    | LVCMOS25             |       | 12       | SLOW |              |          | 0 / 0    |
| MUXDACEN                           | IOB              | OUTPUT    | LVCMOS25             |       | 12       | SLOW |              |          | 0 / 0    |
| MUXREF1                            | IOB              | OUTPUT    | LVCMOS25             |       | 12       | SLOW |              |          | 0 / 0    |
| MUXREF2                            | IOB              | OUTPUT    | LVCMOS25             |       | 12       | SLOW |              |          | 0 / 0    |
| MUXREF3                            | IOB              | OUTPUT    | LVCMOS25             |       | 12       | SLOW |              |          | 0 / 0    |
| SDIDAC                             | IOB              | OUTPUT    | LVCMOS25             |       | 12       | SLOW |              |          | 0 / 0    |
| SDIREF                             | IOB              | OUTPUT    | LVCMOS25             |       | 12       | SLOW | OFF1         |          | 0 / 0    |
| SDOADC1                            | IBUF             | INPUT     | LVCMOS25             |       |          |      |              |          | 0 / 0    |
| SDOADC2                            | IBUF             | INPUT     | LVCMOS25             |       |          |      |              |          | 0 / 0    |
| an<0>                              | IOB              | OUTPUT    | LVCMOS25             |       | 12       | SLOW |              |          | 0 / 0    |
| an<1>                              | IOB              | OUTPUT    | LVCMOS25             |       | 12       | SLOW |              |          | 0 / 0    |
| an<2>                              | IOB              | OUTPUT    | LVCMOS25             |       | 12       | SLOW |              |          | 0 / 0    |
| an<3>                              | IOB              | OUTPUT    | LVCMOS25             |       | 12       | SLOW |              |          | 0 / 0    |
| clk                                | IBUF             | INPUT     | LVCMOS25             |       |          |      |              |          | 0 / 0    |
| seg<0>                             | IOB              | OUTPUT    | LVCMOS25             |       | 12       | SLOW |              |          | 0 / 0    |
| seg<1>                             | IOB              | OUTPUT    | LVCMOS25             |       | 12       | SLOW |              |          | 0 / 0    |
| seg<2>                             | IOB              | OUTPUT    | LVCMOS25             |       | 12       | SLOW |              |          | 0 / 0    |
| seg<3>                             | IOB              | OUTPUT    | LVCMOS25             |       | 12       | SLOW |              |          | 0 / 0    |
| seg<4>                             | IOB              | OUTPUT    | LVCMOS25             |       | 12       | SLOW |              |          | 0 / 0    |
| seg<5>                             | IOB              | OUTPUT    | LVCMOS25             |       | 12       | SLOW |              |          | 0 / 0    |
| seg<6>                             | IOB              | OUTPUT    | LVCMOS25             |       | 12       | SLOW |              |          | 0 / 0    |
| sw<0>                              | IBUF             | INPUT     | LVCMOS25             |       |          |      |              |          | 0 / 0    |
| sw<1>                              | IBUF             | INPUT     | LVCMOS25             |       |          |      |              |          | 0 / 0    |
| sw<2>                              | IBUF             | INPUT     | LVCMOS25             |       |          |      |              |          | 0 / 0    |
| theBeanConf<0>                     | IOB              | OUTPUT    | LVCMOS25             |       | 12       | SLOW |              |          | 0 / 0    |
| theBeanConf<1>                     | IOB              | OUTPUT    | LVCMOS25             |       | 12       | SLOW |              |          | 0 / 0    |
| theBeanConf<2>                     | IOB              | OUTPUT    | LVCMOS25             |       | 12       | SLOW |              |          | 0 / 0    |
| theBeanConf<3>                     | IOB              | OUTPUT    | LVCMOS25             |       | 12       | SLOW |              |          | 0 / 0    |
| theBeanConf<4>                     | IOB              | OUTPUT    | LVCMOS25             |       | 12       | SLOW |              |          | 0 / 0    |
| theBeanConf<5>                     | IOB              | OUTPUT    | LVCMOS25             |       | 12       | SLOW |              |          | 0 / 0    |
| theBeanConf<6>                     | IOB              | OUTPUT    | LVCMOS25             |       | 12       | SLOW |              |          | 0 / 0    |
| theBeanConf<7>                     | IOB              | OUTPUT    | LVCMOS25             |       | 12       | SLOW |              |          | 0 / 0    |
| theBeanConf<8>                     | IOB              | OUTPUT    | LVCMOS25             |       | 12       | SLOW |              |          | 0 / 0    |
| theBeanConf<9>                     | IOB              | OUTPUT    | LVCMOS25             |       | 12       | SLOW |              |          | 0 / 0    |
| theBeanConf<10>                    | IOB              | OUTPUT    | LVCMOS25             |       | 12       | SLOW |              |          | 0 / 0    |
| theBeanConf<11>                    | IOB              | OUTPUT    | LVCMOS25             |       | 12       | SLOW | OFF1         |          | 0 / 0    |
| theBeanConf<12>                    | IOB              | OUTPUT    | LVCMOS25             |       | 12       | SLOW |              |          | 0 / 0    |
| theBeanConf<13>                    | IOB              | OUTPUT    | LVCMOS25             |       | 12       | SLOW |              |          | 0 / 0    |
| theBeanConf<14>                    | IOB              | OUTPUT    | LVCMOS25             |       | 12       | SLOW |              |          | 0 / 0    |
| theBeanConf<15>                    | IOB              | OUTPUT    | LVCMOS25             |       | 12       | SLOW |              |          | 0 / 0    |
+---------------------------------------------------------------------------------------------------------------------------------------------------------+

Section 7 - RPMs
----------------

Section 8 - Guide Report
------------------------
Guide not run on this design.

Section 9 - Area Group and Partition Summary
--------------------------------------------

Partition Implementation Status
-------------------------------

  No Partitions were found in this design.

-------------------------------

Area Group Information
----------------------

  No area groups were found in this design.

----------------------

Section 10 - Timing Report
--------------------------
This design was not run using timing mode.

Section 11 - Configuration String Details
-----------------------------------------
Use the "-detail" map option to print out Configuration Strings

Section 12 - Control Set Information
------------------------------------
No control set information for this architecture.

Section 13 - Utilization by Hierarchy
-------------------------------------
Use the "-detail" map option to print out the Utilization by Hierarchy section.
