\BOOKMARK [0][-]{chapter*.1}{AGRADECIMIENTOS}{}% 1
\BOOKMARK [0][-]{chapter*.2}{TABLA DE CONTENIDOS}{}% 2
\BOOKMARK [0][-]{chapter*.3}{LISTA DE FIGURAS}{}% 3
\BOOKMARK [0][-]{chapter*.4}{LISTA DE TABLAS}{}% 4
\BOOKMARK [0][-]{chapter*.5}{ABSTRACT}{}% 5
\BOOKMARK [0][-]{chapter*.6}{RESUMEN}{}% 6
\BOOKMARK [0][-]{chapter.1}{1. INTRODUCCI\323N}{}% 7
\BOOKMARK [1][-]{section.1.1}{1.1. Experimentos de f\355sica de part\355culas}{chapter.1}% 8
\BOOKMARK [1][-]{section.1.2}{1.2. Electr\363nica en detectores de part\355culas}{chapter.1}% 9
\BOOKMARK [1][-]{section.1.3}{1.3. Experimentos y adquisici\363n de datos en f\355sica de part\355culas}{chapter.1}% 10
\BOOKMARK [1][-]{section.1.4}{1.4. Contenido de esta tesis}{chapter.1}% 11
\BOOKMARK [0][-]{chapter.2}{2. DEFINICI\323N DEL PROBLEMA}{}% 12
\BOOKMARK [1][-]{section.2.1}{2.1. El colisionador lineal internacional}{chapter.2}% 13
\BOOKMARK [1][-]{section.2.2}{2.2. El detector frontal y the BeamCal}{chapter.2}% 14
\BOOKMARK [1][-]{section.2.3}{2.3. The bean V2}{chapter.2}% 15
\BOOKMARK [1][-]{section.2.4}{2.4. La plataforma de pruebas}{chapter.2}% 16
\BOOKMARK [0][-]{chapter.3}{3. DISE\321O DE LA PLATAFORMA}{}% 17
\BOOKMARK [1][-]{section.3.1}{3.1. Introducci\363n}{chapter.3}% 18
\BOOKMARK [1][-]{section.3.2}{3.2. La placa: WAC}{chapter.3}% 19
\BOOKMARK [2][-]{subsection.3.2.1}{3.2.1. Potenciometros digitales}{section.3.2}% 20
\BOOKMARK [2][-]{subsection.3.2.2}{3.2.2. DAC}{section.3.2}% 21
\BOOKMARK [2][-]{subsection.3.2.3}{3.2.3. Circuito de inyecci\363n de carga}{section.3.2}% 22
\BOOKMARK [0][-]{chapter.4}{4. RESULTADOS}{}% 23
\BOOKMARK [1][-]{section.4.1}{4.1. The Bean V2 prototype Implementation}{chapter.4}% 24
\BOOKMARK [1][-]{section.4.2}{4.2. Filter post-layout simulation results}{chapter.4}% 25
\BOOKMARK [2][-]{subsection.4.2.1}{4.2.1. Sub-blocks}{section.4.2}% 26
\BOOKMARK [2][-]{subsection.4.2.2}{4.2.2. Power dissipation}{section.4.2}% 27
\BOOKMARK [2][-]{subsection.4.2.3}{4.2.3. Functionality}{section.4.2}% 28
\BOOKMARK [2][-]{subsection.4.2.4}{4.2.4. Linearity}{section.4.2}% 29
\BOOKMARK [2][-]{subsection.4.2.5}{4.2.5. Weighting function}{section.4.2}% 30
\BOOKMARK [0][-]{chapter.5}{5. CONCLUSION}{}% 31
\BOOKMARK [1][-]{section.5.1}{5.1. Summary}{chapter.5}% 32
\BOOKMARK [1][-]{section.5.2}{5.2. Future work}{chapter.5}% 33
\BOOKMARK [0][-]{chapter*.7}{References}{}% 34
\BOOKMARK [0][-]{chapter*.7}{APPENDIX}{}% 35
\BOOKMARK [0][-]{appendix.A}{A. Anexos}{}% 36
\BOOKMARK [1][-]{section.A.1}{A.1. Pinout de the Bean V2}{appendix.A}% 37
