Build started 10/11/2015 19:58:29.
     1>Project "C:\Users\Wac\Desktop\1_2014\Memoria\Codigos windows\hostApp\hostApp\hostApp.vcxproj" on node 2 (build target(s)).
     1>InitializeBuildStatus:
         Touching "Debug\hostApp.unsuccessfulbuild".
       GenerateTargetFrameworkMonikerAttribute:
       Skipping target "GenerateTargetFrameworkMonikerAttribute" because all output files are up-to-date with respect to the input files.
       ClCompile:
         All outputs are up-to-date.
         C:\Program Files (x86)\Microsoft Visual Studio 10.0\VC\bin\CL.exe /c /AI"C:\Program Files (x86)\Reference Assemblies\Microsoft\Framework\.NETFramework\v4.0" /Zi /clr:pure /nologo /W3 /WX- /Od /Oy- /D WIN32 /D _DEBUG /D _UNICODE /D UNICODE /EHa /MDd /GS /fp:precise /Zc:wchar_t /Zc:forScope /Yu"StdAfx.h" /Fp"Debug\hostApp.pch" /Fo"Debug\\" /Fd"Debug\vc100.pdb" /TP /FU"C:\Program Files (x86)\Reference Assemblies\Microsoft\Framework\.NETFramework\v4.0\System.Core.dll" /FU"C:\Program Files (x86)\Reference Assemblies\Microsoft\Framework\.NETFramework\v4.0\System.Data.dll" /FU"C:\Program Files (x86)\Reference Assemblies\Microsoft\Framework\.NETFramework\v4.0\System.dll" /FU"C:\Program Files (x86)\Reference Assemblies\Microsoft\Framework\.NETFramework\v4.0\System.Drawing.dll" /FU"C:\Program Files (x86)\Reference Assemblies\Microsoft\Framework\.NETFramework\v4.0\System.Windows.Forms.dll" /FU"C:\Program Files (x86)\Reference Assemblies\Microsoft\Framework\.NETFramework\v4.0\System.Xml.dll" /analyze- /errorReport:prompt hostApp.cpp /clr:nostdlib 
         hostApp.cpp
     1>c:\users\wac\desktop\1_2014\memoria\codigos windows\hostapp\hostapp\dpcutil.h(80): warning C4272: 'DpcInit' : is marked __declspec(dllimport); must specify native calling convention when importing a function.
     1>c:\users\wac\desktop\1_2014\memoria\codigos windows\hostapp\hostapp\dpcutil.h(81): warning C4272: 'DpcTerm' : is marked __declspec(dllimport); must specify native calling convention when importing a function.
     1>c:\users\wac\desktop\1_2014\memoria\codigos windows\hostapp\hostapp\dpcutil.h(83): warning C4272: 'DpcGetDpcVersion' : is marked __declspec(dllimport); must specify native calling convention when importing a function.
     1>c:\users\wac\desktop\1_2014\memoria\codigos windows\hostapp\hostapp\dpcutil.h(86): warning C4272: 'DpcStartNotify' : is marked __declspec(dllimport); must specify native calling convention when importing a function.
     1>c:\users\wac\desktop\1_2014\memoria\codigos windows\hostapp\hostapp\dpcutil.h(87): warning C4272: 'DpcEndNotify' : is marked __declspec(dllimport); must specify native calling convention when importing a function.
     1>c:\users\wac\desktop\1_2014\memoria\codigos windows\hostapp\hostapp\dpcutil.h(90): warning C4272: 'DpcGetVersion' : is marked __declspec(dllimport); must specify native calling convention when importing a function.
     1>c:\users\wac\desktop\1_2014\memoria\codigos windows\hostapp\hostapp\dpcutil.h(92): warning C4272: 'DpcWaitForTransaction' : is marked __declspec(dllimport); must specify native calling convention when importing a function.
     1>c:\users\wac\desktop\1_2014\memoria\codigos windows\hostapp\hostapp\dpcutil.h(93): warning C4272: 'DpcPendingTransactions' : is marked __declspec(dllimport); must specify native calling convention when importing a function.
     1>c:\users\wac\desktop\1_2014\memoria\codigos windows\hostapp\hostapp\dpcutil.h(94): warning C4272: 'DpcQueryConfigStatus' : is marked __declspec(dllimport); must specify native calling convention when importing a function.
     1>c:\users\wac\desktop\1_2014\memoria\codigos windows\hostapp\hostapp\dpcutil.h(95): warning C4272: 'DpcAbortConfigTransaction' : is marked __declspec(dllimport); must specify native calling convention when importing a function.
     1>c:\users\wac\desktop\1_2014\memoria\codigos windows\hostapp\hostapp\dpcutil.h(96): warning C4272: 'DpcClearConfigStatus' : is marked __declspec(dllimport); must specify native calling convention when importing a function.
     1>c:\users\wac\desktop\1_2014\memoria\codigos windows\hostapp\hostapp\dpcutil.h(97): warning C4272: 'DpcGetFirstError' : is marked __declspec(dllimport); must specify native calling convention when importing a function.
     1>c:\users\wac\desktop\1_2014\memoria\codigos windows\hostapp\hostapp\dpcutil.h(100): warning C4272: 'DpcOpenJtag' : is marked __declspec(dllimport); must specify native calling convention when importing a function.
     1>c:\users\wac\desktop\1_2014\memoria\codigos windows\hostapp\hostapp\dpcutil.h(101): warning C4272: 'DpcCloseJtag' : is marked __declspec(dllimport); must specify native calling convention when importing a function.
     1>c:\users\wac\desktop\1_2014\memoria\codigos windows\hostapp\hostapp\dpcutil.h(102): warning C4272: 'DpcEnableJtag' : is marked __declspec(dllimport); must specify native calling convention when importing a function.
     1>c:\users\wac\desktop\1_2014\memoria\codigos windows\hostapp\hostapp\dpcutil.h(103): warning C4272: 'DpcDisableJtag' : is marked __declspec(dllimport); must specify native calling convention when importing a function.
     1>c:\users\wac\desktop\1_2014\memoria\codigos windows\hostapp\hostapp\dpcutil.h(104): warning C4272: 'DpcSetJtagSpeed' : is marked __declspec(dllimport); must specify native calling convention when importing a function.
     1>c:\users\wac\desktop\1_2014\memoria\codigos windows\hostapp\hostapp\dpcutil.h(105): warning C4272: 'DpcSetTmsTdiTck' : is marked __declspec(dllimport); must specify native calling convention when importing a function.
     1>c:\users\wac\desktop\1_2014\memoria\codigos windows\hostapp\hostapp\dpcutil.h(106): warning C4272: 'DpcPutTdiBits' : is marked __declspec(dllimport); must specify native calling convention when importing a function.
     1>c:\users\wac\desktop\1_2014\memoria\codigos windows\hostapp\hostapp\dpcutil.h(107): warning C4272: 'DpcPutTmsTdiBits' : is marked __declspec(dllimport); must specify native calling convention when importing a function.
     1>c:\users\wac\desktop\1_2014\memoria\codigos windows\hostapp\hostapp\dpcutil.h(108): warning C4272: 'DpcGetTdoBits' : is marked __declspec(dllimport); must specify native calling convention when importing a function.
     1>c:\users\wac\desktop\1_2014\memoria\codigos windows\hostapp\hostapp\dpcutil.h(111): warning C4272: 'DpcOpenData' : is marked __declspec(dllimport); must specify native calling convention when importing a function.
     1>c:\users\wac\desktop\1_2014\memoria\codigos windows\hostapp\hostapp\dpcutil.h(112): warning C4272: 'DpcCloseData' : is marked __declspec(dllimport); must specify native calling convention when importing a function.
     1>c:\users\wac\desktop\1_2014\memoria\codigos windows\hostapp\hostapp\dpcutil.h(113): warning C4272: 'DpcPutReg' : is marked __declspec(dllimport); must specify native calling convention when importing a function.
     1>c:\users\wac\desktop\1_2014\memoria\codigos windows\hostapp\hostapp\dpcutil.h(114): warning C4272: 'DpcGetReg' : is marked __declspec(dllimport); must specify native calling convention when importing a function.
     1>c:\users\wac\desktop\1_2014\memoria\codigos windows\hostapp\hostapp\dpcutil.h(115): warning C4272: 'DpcPutRegSet' : is marked __declspec(dllimport); must specify native calling convention when importing a function.
     1>c:\users\wac\desktop\1_2014\memoria\codigos windows\hostapp\hostapp\dpcutil.h(116): warning C4272: 'DpcGetRegSet' : is marked __declspec(dllimport); must specify native calling convention when importing a function.
     1>c:\users\wac\desktop\1_2014\memoria\codigos windows\hostapp\hostapp\dpcutil.h(117): warning C4272: 'DpcPutRegRepeat' : is marked __declspec(dllimport); must specify native calling convention when importing a function.
     1>c:\users\wac\desktop\1_2014\memoria\codigos windows\hostapp\hostapp\dpcutil.h(118): warning C4272: 'DpcGetRegRepeat' : is marked __declspec(dllimport); must specify native calling convention when importing a function.
     1>c:\users\wac\desktop\1_2014\memoria\codigos windows\hostapp\hostapp\dpcutil.h(121): warning C4272: 'DpcStreamWrite' : is marked __declspec(dllimport); must specify native calling convention when importing a function.
     1>c:\users\wac\desktop\1_2014\memoria\codigos windows\hostapp\hostapp\dpcutil.h(122): warning C4272: 'DpcStreamRead' : is marked __declspec(dllimport); must specify native calling convention when importing a function.
     1>c:\users\wac\desktop\1_2014\memoria\codigos windows\hostapp\hostapp\dpcutil.h(125): warning C4272: 'DpcOpenSpi' : is marked __declspec(dllimport); must specify native calling convention when importing a function.
     1>c:\users\wac\desktop\1_2014\memoria\codigos windows\hostapp\hostapp\dpcutil.h(126): warning C4272: 'DpcCloseSpi' : is marked __declspec(dllimport); must specify native calling convention when importing a function.
     1>c:\users\wac\desktop\1_2014\memoria\codigos windows\hostapp\hostapp\dpcutil.h(127): warning C4272: 'DpcEnableSpi' : is marked __declspec(dllimport); must specify native calling convention when importing a function.
     1>c:\users\wac\desktop\1_2014\memoria\codigos windows\hostapp\hostapp\dpcutil.h(128): warning C4272: 'DpcDisableSpi' : is marked __declspec(dllimport); must specify native calling convention when importing a function.
     1>c:\users\wac\desktop\1_2014\memoria\codigos windows\hostapp\hostapp\dpcutil.h(129): warning C4272: 'DpcSetSpiSelect' : is marked __declspec(dllimport); must specify native calling convention when importing a function.
     1>c:\users\wac\desktop\1_2014\memoria\codigos windows\hostapp\hostapp\dpcutil.h(130): warning C4272: 'DpcSetSpiMode' : is marked __declspec(dllimport); must specify native calling convention when importing a function.
     1>c:\users\wac\desktop\1_2014\memoria\codigos windows\hostapp\hostapp\dpcutil.h(131): warning C4272: 'DpcSetSpiModeSpeed' : is marked __declspec(dllimport); must specify native calling convention when importing a function.
     1>c:\users\wac\desktop\1_2014\memoria\codigos windows\hostapp\hostapp\dpcutil.h(132): warning C4272: 'DpcPutSpiByte' : is marked __declspec(dllimport); must specify native calling convention when importing a function.
     1>c:\users\wac\desktop\1_2014\memoria\codigos windows\hostapp\hostapp\dpcutil.h(133): warning C4272: 'DpcPutSpi' : is marked __declspec(dllimport); must specify native calling convention when importing a function.
     1>c:\users\wac\desktop\1_2014\memoria\codigos windows\hostapp\hostapp\dpcutil.h(134): warning C4272: 'DpcGetSpi' : is marked __declspec(dllimport); must specify native calling convention when importing a function.
     1>c:\users\wac\desktop\1_2014\memoria\codigos windows\hostapp\hostapp\dpcutil.h(137): warning C4272: 'DpcEnablePinIo' : is marked __declspec(dllimport); must specify native calling convention when importing a function.
     1>c:\users\wac\desktop\1_2014\memoria\codigos windows\hostapp\hostapp\dpcutil.h(138): warning C4272: 'DpcDisablePinIo' : is marked __declspec(dllimport); must specify native calling convention when importing a function.
     1>c:\users\wac\desktop\1_2014\memoria\codigos windows\hostapp\hostapp\dpcutil.h(139): warning C4272: 'DpcGetPinMask' : is marked __declspec(dllimport); must specify native calling convention when importing a function.
     1>c:\users\wac\desktop\1_2014\memoria\codigos windows\hostapp\hostapp\dpcutil.h(140): warning C4272: 'DpcSetPinDirection' : is marked __declspec(dllimport); must specify native calling convention when importing a function.
     1>c:\users\wac\desktop\1_2014\memoria\codigos windows\hostapp\hostapp\dpcutil.h(141): warning C4272: 'DpcSetPinState' : is marked __declspec(dllimport); must specify native calling convention when importing a function.
     1>c:\users\wac\desktop\1_2014\memoria\codigos windows\hostapp\hostapp\dpcutil.h(142): warning C4272: 'DpcGetPinState' : is marked __declspec(dllimport); must specify native calling convention when importing a function.
     1>c:\users\wac\desktop\1_2014\memoria\codigos windows\hostapp\hostapp\dpcutil.h(149): warning C4272: 'DvmgStartConfigureDevices' : is marked __declspec(dllimport); must specify native calling convention when importing a function.
     1>c:\users\wac\desktop\1_2014\memoria\codigos windows\hostapp\hostapp\dpcutil.h(152): warning C4272: 'DvmgGetDevCount' : is marked __declspec(dllimport); must specify native calling convention when importing a function.
     1>c:\users\wac\desktop\1_2014\memoria\codigos windows\hostapp\hostapp\dpcutil.h(153): warning C4272: 'DvmgGetDevName' : is marked __declspec(dllimport); must specify native calling convention when importing a function.
     1>c:\users\wac\desktop\1_2014\memoria\codigos windows\hostapp\hostapp\dpcutil.h(154): warning C4272: 'DvmgGetDevType' : is marked __declspec(dllimport); must specify native calling convention when importing a function.
     1>c:\users\wac\desktop\1_2014\memoria\codigos windows\hostapp\hostapp\dpcutil.h(155): warning C4272: 'DvmgGetDefaultDev' : is marked __declspec(dllimport); must specify native calling convention when importing a function.
     1>c:\users\wac\desktop\1_2014\memoria\codigos windows\hostapp\hostapp\dpcutil.h(159): warning C4272: 'DpcSetDefPort' : is marked __declspec(dllimport); must specify native calling convention when importing a function.
     1>c:\users\wac\desktop\1_2014\memoria\codigos windows\hostapp\hostapp\depp.h(59): warning C4272: 'DeppGetVersion' : is marked __declspec(dllimport); must specify native calling convention when importing a function.
     1>c:\users\wac\desktop\1_2014\memoria\codigos windows\hostapp\hostapp\depp.h(60): warning C4272: 'DeppGetPortCount' : is marked __declspec(dllimport); must specify native calling convention when importing a function.
     1>c:\users\wac\desktop\1_2014\memoria\codigos windows\hostapp\hostapp\depp.h(61): warning C4272: 'DeppGetPortProperties' : is marked __declspec(dllimport); must specify native calling convention when importing a function.
     1>c:\users\wac\desktop\1_2014\memoria\codigos windows\hostapp\hostapp\depp.h(62): warning C4272: 'DeppEnable' : is marked __declspec(dllimport); must specify native calling convention when importing a function.
     1>c:\users\wac\desktop\1_2014\memoria\codigos windows\hostapp\hostapp\depp.h(63): warning C4272: 'DeppEnableEx' : is marked __declspec(dllimport); must specify native calling convention when importing a function.
     1>c:\users\wac\desktop\1_2014\memoria\codigos windows\hostapp\hostapp\depp.h(64): warning C4272: 'DeppDisable' : is marked __declspec(dllimport); must specify native calling convention when importing a function.
     1>c:\users\wac\desktop\1_2014\memoria\codigos windows\hostapp\hostapp\depp.h(68): warning C4272: 'DeppPutReg' : is marked __declspec(dllimport); must specify native calling convention when importing a function.
     1>c:\users\wac\desktop\1_2014\memoria\codigos windows\hostapp\hostapp\depp.h(69): warning C4272: 'DeppGetReg' : is marked __declspec(dllimport); must specify native calling convention when importing a function.
     1>c:\users\wac\desktop\1_2014\memoria\codigos windows\hostapp\hostapp\depp.h(70): warning C4272: 'DeppPutRegSet' : is marked __declspec(dllimport); must specify native calling convention when importing a function.
     1>c:\users\wac\desktop\1_2014\memoria\codigos windows\hostapp\hostapp\depp.h(71): warning C4272: 'DeppGetRegSet' : is marked __declspec(dllimport); must specify native calling convention when importing a function.
     1>c:\users\wac\desktop\1_2014\memoria\codigos windows\hostapp\hostapp\depp.h(72): warning C4272: 'DeppPutRegRepeat' : is marked __declspec(dllimport); must specify native calling convention when importing a function.
     1>c:\users\wac\desktop\1_2014\memoria\codigos windows\hostapp\hostapp\depp.h(73): warning C4272: 'DeppGetRegRepeat' : is marked __declspec(dllimport); must specify native calling convention when importing a function.
     1>c:\users\wac\desktop\1_2014\memoria\codigos windows\hostapp\hostapp\depp.h(77): warning C4272: 'DeppSetTimeout' : is marked __declspec(dllimport); must specify native calling convention when importing a function.
     1>c:\users\wac\desktop\1_2014\memoria\codigos windows\hostapp\hostapp\dmgr.h(54): warning C4272: 'DmgrGetVersion' : is marked __declspec(dllimport); must specify native calling convention when importing a function.
     1>c:\users\wac\desktop\1_2014\memoria\codigos windows\hostapp\hostapp\dmgr.h(56): warning C4272: 'DmgrGetLastError' : is marked __declspec(dllimport); must specify native calling convention when importing a function.
     1>c:\users\wac\desktop\1_2014\memoria\codigos windows\hostapp\hostapp\dmgr.h(57): warning C4272: 'DmgrSzFromErc' : is marked __declspec(dllimport); must specify native calling convention when importing a function.
     1>c:\users\wac\desktop\1_2014\memoria\codigos windows\hostapp\hostapp\dmgr.h(60): warning C4272: 'DmgrOpen' : is marked __declspec(dllimport); must specify native calling convention when importing a function.
     1>c:\users\wac\desktop\1_2014\memoria\codigos windows\hostapp\hostapp\dmgr.h(61): warning C4272: 'DmgrOpenEx' : is marked __declspec(dllimport); must specify native calling convention when importing a function.
     1>c:\users\wac\desktop\1_2014\memoria\codigos windows\hostapp\hostapp\dmgr.h(62): warning C4272: 'DmgrClose' : is marked __declspec(dllimport); must specify native calling convention when importing a function.
     1>c:\users\wac\desktop\1_2014\memoria\codigos windows\hostapp\hostapp\dmgr.h(65): warning C4272: 'DmgrEnumDevices' : is marked __declspec(dllimport); must specify native calling convention when importing a function.
     1>c:\users\wac\desktop\1_2014\memoria\codigos windows\hostapp\hostapp\dmgr.h(66): warning C4272: 'DmgrEnumDevicesEx' : is marked __declspec(dllimport); must specify native calling convention when importing a function.
     1>c:\users\wac\desktop\1_2014\memoria\codigos windows\hostapp\hostapp\dmgr.h(67): warning C4272: 'DmgrStartEnum' : is marked __declspec(dllimport); must specify native calling convention when importing a function.
     1>c:\users\wac\desktop\1_2014\memoria\codigos windows\hostapp\hostapp\dmgr.h(68): warning C4272: 'DmgrIsEnumFinished' : is marked __declspec(dllimport); must specify native calling convention when importing a function.
     1>c:\users\wac\desktop\1_2014\memoria\codigos windows\hostapp\hostapp\dmgr.h(69): warning C4272: 'DmgrStopEnum' : is marked __declspec(dllimport); must specify native calling convention when importing a function.
     1>c:\users\wac\desktop\1_2014\memoria\codigos windows\hostapp\hostapp\dmgr.h(70): warning C4272: 'DmgrGetEnumCount' : is marked __declspec(dllimport); must specify native calling convention when importing a function.
     1>c:\users\wac\desktop\1_2014\memoria\codigos windows\hostapp\hostapp\dmgr.h(71): warning C4272: 'DmgrGetDvc' : is marked __declspec(dllimport); must specify native calling convention when importing a function.
     1>c:\users\wac\desktop\1_2014\memoria\codigos windows\hostapp\hostapp\dmgr.h(72): warning C4272: 'DmgrFreeDvcEnum' : is marked __declspec(dllimport); must specify native calling convention when importing a function.
     1>c:\users\wac\desktop\1_2014\memoria\codigos windows\hostapp\hostapp\dmgr.h(75): warning C4272: 'DmgrGetTransResult' : is marked __declspec(dllimport); must specify native calling convention when importing a function.
     1>c:\users\wac\desktop\1_2014\memoria\codigos windows\hostapp\hostapp\dmgr.h(76): warning C4272: 'DmgrCancelTrans' : is marked __declspec(dllimport); must specify native calling convention when importing a function.
     1>c:\users\wac\desktop\1_2014\memoria\codigos windows\hostapp\hostapp\dmgr.h(77): warning C4272: 'DmgrSetTransTimeout' : is marked __declspec(dllimport); must specify native calling convention when importing a function.
     1>c:\users\wac\desktop\1_2014\memoria\codigos windows\hostapp\hostapp\dmgr.h(78): warning C4272: 'DmgrGetTransTimeout' : is marked __declspec(dllimport); must specify native calling convention when importing a function.
     1>c:\users\wac\desktop\1_2014\memoria\codigos windows\hostapp\hostapp\dmgr.h(82): warning C4272: 'DmgrOpenDvcMg' : is marked __declspec(dllimport); must specify native calling convention when importing a function.
     1>c:\users\wac\desktop\1_2014\memoria\codigos windows\hostapp\hostapp\dmgr.h(85): warning C4272: 'DmgrDvcTblAdd' : is marked __declspec(dllimport); must specify native calling convention when importing a function.
     1>c:\users\wac\desktop\1_2014\memoria\codigos windows\hostapp\hostapp\dmgr.h(86): warning C4272: 'DmgrDvcTblRem' : is marked __declspec(dllimport); must specify native calling convention when importing a function.
     1>c:\users\wac\desktop\1_2014\memoria\codigos windows\hostapp\hostapp\dmgr.h(87): warning C4272: 'DmgrDvcTblSave' : is marked __declspec(dllimport); must specify native calling convention when importing a function.
     1>c:\users\wac\desktop\1_2014\memoria\codigos windows\hostapp\hostapp\dmgr.h(90): warning C4272: 'DmgrGetDtpCount' : is marked __declspec(dllimport); must specify native calling convention when importing a function.
     1>c:\users\wac\desktop\1_2014\memoria\codigos windows\hostapp\hostapp\dmgr.h(91): warning C4272: 'DmgrGetDtpFromIndex' : is marked __declspec(dllimport); must specify native calling convention when importing a function.
     1>c:\users\wac\desktop\1_2014\memoria\codigos windows\hostapp\hostapp\dmgr.h(92): warning C4272: 'DmgrGetDtpString' : is marked __declspec(dllimport); must specify native calling convention when importing a function.
     1>c:\users\wac\desktop\1_2014\memoria\codigos windows\hostapp\hostapp\dmgr.h(95): warning C4272: 'DmgrSetInfo' : is marked __declspec(dllimport); must specify native calling convention when importing a function.
     1>c:\users\wac\desktop\1_2014\memoria\codigos windows\hostapp\hostapp\dmgr.h(96): warning C4272: 'DmgrGetInfo' : is marked __declspec(dllimport); must specify native calling convention when importing a function.
     1>c:\users\wac\desktop\1_2014\memoria\codigos windows\hostapp\hostapp\dmgr.h(98): warning C4272: 'DmgrGetDvcFromHif' : is marked __declspec(dllimport); must specify native calling convention when importing a function.
         All outputs are up-to-date.
       CoreResGen:
         No resources are out of date with respect to their source files. Skipping resource generation.
       ResourceCompile:
         All outputs are up-to-date.
       Link:
         C:\Program Files (x86)\Microsoft Visual Studio 10.0\VC\bin\link.exe /ERRORREPORT:PROMPT /OUT:"C:\Users\Wac\Desktop\1_2014\Memoria\Codigos windows\hostApp\Debug\hostApp.exe" /INCREMENTAL:NO /NOLOGO /LIBPATH:"C:\Users\Wac\Desktop\1_2014\Memoria\Codigos windows\hostApp\hostApp\lib64" dpcutil.lib depp.lib dmgr.lib dpcomm.lib kernel32.lib user32.lib gdi32.lib winspool.lib comdlg32.lib advapi32.lib shell32.lib ole32.lib oleaut32.lib uuid.lib odbc32.lib odbccp32.lib /ASSEMBLYRESOURCE:Debug\hostApp.Form1.resources /MANIFEST /ManifestFile:"Debug\hostApp.exe.intermediate.manifest" /MANIFESTUAC:"level='asInvoker' uiAccess='false'" /DEBUG /PDB:"C:\Users\Wac\Desktop\1_2014\Memoria\Codigos windows\hostApp\Debug\hostApp.pdb" /ASSEMBLYDEBUG /SUBSYSTEM:WINDOWS /TLBID:1 /ENTRY:"main" /DYNAMICBASE /FIXED:NO /NXCOMPAT /MACHINE:X86 Debug\app.res
         Debug\AssemblyInfo.obj
         Debug\hostApp.obj
         Debug\stdafx.obj
         "Debug\.NETFramework,Version=v4.0.AssemblyAttributes.obj"
         lib64\dpcutil.lib
     1>hostApp.obj : error LNK2028: unresolved token (0A00002C) "extern "C" int __clrcall DmgrClose(unsigned long)" (?DmgrClose@@$$J0YMHK@Z) referenced in function "public: __clrcall hostApp::Form1::Form1(void)" (??0Form1@hostApp@@$$FQ$AAM@XZ)
     1>hostApp.obj : error LNK2028: unresolved token (0A00002D) "extern "C" int __clrcall DmgrOpen(unsigned long *,char *)" (?DmgrOpen@@$$J0YMHPAKPAD@Z) referenced in function "public: __clrcall hostApp::Form1::Form1(void)" (??0Form1@hostApp@@$$FQ$AAM@XZ)
     1>hostApp.obj : error LNK2019: unresolved external symbol "extern "C" int __clrcall DmgrClose(unsigned long)" (?DmgrClose@@$$J0YMHK@Z) referenced in function "public: __clrcall hostApp::Form1::Form1(void)" (??0Form1@hostApp@@$$FQ$AAM@XZ)
     1>hostApp.obj : error LNK2019: unresolved external symbol "extern "C" int __clrcall DmgrOpen(unsigned long *,char *)" (?DmgrOpen@@$$J0YMHPAKPAD@Z) referenced in function "public: __clrcall hostApp::Form1::Form1(void)" (??0Form1@hostApp@@$$FQ$AAM@XZ)
     1>C:\Users\Wac\Desktop\1_2014\Memoria\Codigos windows\hostApp\Debug\hostApp.exe : fatal error LNK1120: 4 unresolved externals
     1>Done Building Project "C:\Users\Wac\Desktop\1_2014\Memoria\Codigos windows\hostApp\hostApp\hostApp.vcxproj" (build target(s)) -- FAILED.

Build FAILED.

Time Elapsed 00:00:00.83
