Command line:
   SPI2_tb_isim_beh.exe
     -simmode  gui
     -simrunnum  0
     -socket  49881

Tue Oct 27 16:47:55 2015


 Elaboration Time: 0.0312 sec

 Current Memory Usage: 505.422 Meg

 Total Signals          : 26
 Total Nets             : 38
 Total Signal Drivers   : 16
 Total Blocks           : 3
 Total Primitive Blocks : 2
 Total Processes        : 28
 Total Traceable Variables  : 30
 Total Scalar Nets and Variables : 162
Total Line Count : 81
Total Line Count : 81
Total Line Count : 81

 Total Simulation Time: 0.0468 sec

 Current Memory Usage: 505.422 Meg

Tue Oct 27 16:50:16 2015

