Command line:
   clk_div_tb_isim_beh.exe
     -simmode  gui
     -simrunnum  0
     -socket  55834

Thu Oct 16 12:59:18 2014


 Elaboration Time: 0.031201 sec

 Current Memory Usage: 505.369 Meg

 Total Signals          : 15
 Total Nets             : 15
 Total Signal Drivers   : 7
 Total Blocks           : 3
 Total Primitive Blocks : 2
 Total Processes        : 12
 Total Traceable Variables  : 21
 Total Scalar Nets and Variables : 113
Total Line Count : 29

 Total Simulation Time: 0.031201 sec

 Current Memory Usage: 505.369 Meg

Thu Oct 16 18:47:53 2014

