
**** Build of configuration Debug for project SPI_PC ****

"C:\\ti\\ccsv6\\utils\\bin\\gmake" -k all 
'Building file: ../main.c'
'Invoking: MSP430 Compiler'
"C:/ti/ccsv6/tools/compiler/ti-cgt-msp430_4.4.3/bin/cl430" -vmspx --abi=eabi --data_model=restricted --use_hw_mpy=F5 --include_path="C:/ti/ccsv6/ccs_base/msp430/include" --include_path="C:/ti/ccsv6/tools/compiler/ti-cgt-msp430_4.4.3/include" --advice:power=all -g --define=__MSP430F5529__ --diag_warning=225 --display_error_number --diag_wrap=off --silicon_errata=CPU21 --silicon_errata=CPU22 --silicon_errata=CPU23 --silicon_errata=CPU40 --printf_support=minimal --preproc_with_compile --preproc_dependency="main.pp"  "../main.c"
"../main.c", line 42: warning #112-D: statement is unreachable
"../main.c", line 98: remark #1528-D: (ULP 3.1) Detected flag polling using UCRXIFG. Recommend using an interrupt combined with enter LPMx and ISR
"../main.c", line 108: remark #1528-D: (ULP 3.1) Detected flag polling using UCTXIFG. Recommend using an interrupt combined with enter LPMx and ISR
"../main.c", line 116: remark #1528-D: (ULP 3.1) Detected flag polling using UCRXIFG. Recommend using an interrupt combined with enter LPMx and ISR
'Finished building: ../main.c'
' '
'Building target: SPI_PC.out'
'Invoking: MSP430 Linker'
"C:/ti/ccsv6/tools/compiler/ti-cgt-msp430_4.4.3/bin/cl430" -vmspx --abi=eabi --data_model=restricted --use_hw_mpy=F5 --advice:power=all -g --define=__MSP430F5529__ --diag_warning=225 --display_error_number --diag_wrap=off --silicon_errata=CPU21 --silicon_errata=CPU22 --silicon_errata=CPU23 --silicon_errata=CPU40 --printf_support=minimal -z -m"SPI_PC.map" --heap_size=160 --stack_size=160 --cinit_hold_wdt=on -i"C:/ti/ccsv6/ccs_base/msp430/include" -i"C:/ti/ccsv6/tools/compiler/ti-cgt-msp430_4.4.3/lib" -i"C:/ti/ccsv6/tools/compiler/ti-cgt-msp430_4.4.3/include" -i"C:/ti/ccsv6/ccs_base/msp430/lib/5xx_6xx_FRxx" --reread_libs --warn_sections --display_error_number --diag_wrap=off --xml_link_info="SPI_PC_linkInfo.xml" --use_hw_mpy=F5 --rom_model -o "SPI_PC.out" "./main.obj" "../lnk_msp430f5529.cmd"  -l"libmath.a" -l"libc.a" 
<Linking>
remark #10371-D: (ULP 1.1) Detected no uses of low power mode state changing instructions
remark #10372-D: (ULP 4.1) Detected uninitialized Port C in this project. Recommend initializing all unused ports to eliminate wasted current consumption on unused pins.
remark #10372-D: (ULP 4.1) Detected uninitialized Port D in this project. Recommend initializing all unused ports to eliminate wasted current consumption on unused pins.
'Finished building target: SPI_PC.out'
' '

**** Build Finished ****

**** Build of configuration Debug for project SPI_PC ****

"C:\\ti\\ccsv6\\utils\\bin\\gmake" -k all 
gmake: Nothing to be done for `all'.

**** Build Finished ****

**** Build of configuration Debug for project SPI_PC ****

"C:\\ti\\ccsv6\\utils\\bin\\gmake" -k all 
gmake: Nothing to be done for `all'.

**** Build Finished ****

**** Build of configuration Debug for project SPI_PC ****

"C:\\ti\\ccsv6\\utils\\bin\\gmake" -k all 
gmake: Nothing to be done for `all'.

**** Build Finished ****

**** Build of configuration Debug for project SPI_PC ****

"C:\\ti\\ccsv6\\utils\\bin\\gmake" -k all 
gmake: Nothing to be done for `all'.

**** Build Finished ****

**** Build of configuration Debug for project SPI_PC ****

"C:\\ti\\ccsv6\\utils\\bin\\gmake" -k all 
gmake: Nothing to be done for `all'.

**** Build Finished ****

**** Build of configuration Debug for project SPI_PC ****

"C:\\ti\\ccsv6\\utils\\bin\\gmake" -k all 
'Building file: ../main.c'
'Invoking: MSP430 Compiler'
"C:/ti/ccsv6/tools/compiler/ti-cgt-msp430_4.4.3/bin/cl430" -vmspx --abi=eabi --data_model=restricted --use_hw_mpy=F5 --include_path="C:/ti/ccsv6/ccs_base/msp430/include" --include_path="C:/ti/ccsv6/tools/compiler/ti-cgt-msp430_4.4.3/include" --advice:power=all -g --define=__MSP430F5529__ --diag_warning=225 --display_error_number --diag_wrap=off --silicon_errata=CPU21 --silicon_errata=CPU22 --silicon_errata=CPU23 --silicon_errata=CPU40 --printf_support=minimal --preproc_with_compile --preproc_dependency="main.pp"  "../main.c"
"../main.c", line 42: warning #112-D: statement is unreachable
"../main.c", line 98: remark #1528-D: (ULP 3.1) Detected flag polling using UCRXIFG. Recommend using an interrupt combined with enter LPMx and ISR
"../main.c", line 108: remark #1528-D: (ULP 3.1) Detected flag polling using UCTXIFG. Recommend using an interrupt combined with enter LPMx and ISR
"../main.c", line 116: remark #1528-D: (ULP 3.1) Detected flag polling using UCRXIFG. Recommend using an interrupt combined with enter LPMx and ISR
'Finished building: ../main.c'
' '
'Building target: SPI_PC.out'
'Invoking: MSP430 Linker'
"C:/ti/ccsv6/tools/compiler/ti-cgt-msp430_4.4.3/bin/cl430" -vmspx --abi=eabi --data_model=restricted --use_hw_mpy=F5 --advice:power=all -g --define=__MSP430F5529__ --diag_warning=225 --display_error_number --diag_wrap=off --silicon_errata=CPU21 --silicon_errata=CPU22 --silicon_errata=CPU23 --silicon_errata=CPU40 --printf_support=minimal -z -m"SPI_PC.map" --heap_size=160 --stack_size=160 --cinit_hold_wdt=on -i"C:/ti/ccsv6/ccs_base/msp430/include" -i"C:/ti/ccsv6/tools/compiler/ti-cgt-msp430_4.4.3/lib" -i"C:/ti/ccsv6/tools/compiler/ti-cgt-msp430_4.4.3/include" -i"C:/ti/ccsv6/ccs_base/msp430/lib/5xx_6xx_FRxx" --reread_libs --warn_sections --display_error_number --diag_wrap=off --xml_link_info="SPI_PC_linkInfo.xml" --use_hw_mpy=F5 --rom_model -o "SPI_PC.out" "./main.obj" "../lnk_msp430f5529.cmd"  -l"libmath.a" -l"libc.a" 
<Linking>
remark #10371-D: (ULP 1.1) Detected no uses of low power mode state changing instructions
remark #10372-D: (ULP 4.1) Detected uninitialized Port C in this project. Recommend initializing all unused ports to eliminate wasted current consumption on unused pins.
remark #10372-D: (ULP 4.1) Detected uninitialized Port D in this project. Recommend initializing all unused ports to eliminate wasted current consumption on unused pins.
'Finished building target: SPI_PC.out'
' '

**** Build Finished ****

**** Build of configuration Debug for project SPI_PC ****

"C:\\ti\\ccsv6\\utils\\bin\\gmake" -k all 
'Building file: ../main.c'
'Invoking: MSP430 Compiler'
"C:/ti/ccsv6/tools/compiler/ti-cgt-msp430_4.4.3/bin/cl430" -vmspx --abi=eabi --data_model=restricted --use_hw_mpy=F5 --include_path="C:/ti/ccsv6/ccs_base/msp430/include" --include_path="C:/ti/ccsv6/tools/compiler/ti-cgt-msp430_4.4.3/include" --advice:power=all -g --define=__MSP430F5529__ --diag_warning=225 --display_error_number --diag_wrap=off --silicon_errata=CPU21 --silicon_errata=CPU22 --silicon_errata=CPU23 --silicon_errata=CPU40 --printf_support=minimal --preproc_with_compile --preproc_dependency="main.pp"  "../main.c"
"../main.c", line 44: warning #112-D: statement is unreachable
"../main.c", line 100: remark #1528-D: (ULP 3.1) Detected flag polling using UCRXIFG. Recommend using an interrupt combined with enter LPMx and ISR
"../main.c", line 110: remark #1528-D: (ULP 3.1) Detected flag polling using UCTXIFG. Recommend using an interrupt combined with enter LPMx and ISR
"../main.c", line 118: remark #1528-D: (ULP 3.1) Detected flag polling using UCRXIFG. Recommend using an interrupt combined with enter LPMx and ISR
'Finished building: ../main.c'
' '
'Building target: SPI_PC.out'
'Invoking: MSP430 Linker'
"C:/ti/ccsv6/tools/compiler/ti-cgt-msp430_4.4.3/bin/cl430" -vmspx --abi=eabi --data_model=restricted --use_hw_mpy=F5 --advice:power=all -g --define=__MSP430F5529__ --diag_warning=225 --display_error_number --diag_wrap=off --silicon_errata=CPU21 --silicon_errata=CPU22 --silicon_errata=CPU23 --silicon_errata=CPU40 --printf_support=minimal -z -m"SPI_PC.map" --heap_size=160 --stack_size=160 --cinit_hold_wdt=on -i"C:/ti/ccsv6/ccs_base/msp430/include" -i"C:/ti/ccsv6/tools/compiler/ti-cgt-msp430_4.4.3/lib" -i"C:/ti/ccsv6/tools/compiler/ti-cgt-msp430_4.4.3/include" -i"C:/ti/ccsv6/ccs_base/msp430/lib/5xx_6xx_FRxx" --reread_libs --warn_sections --display_error_number --diag_wrap=off --xml_link_info="SPI_PC_linkInfo.xml" --use_hw_mpy=F5 --rom_model -o "SPI_PC.out" "./main.obj" "../lnk_msp430f5529.cmd"  -l"libmath.a" -l"libc.a" 
<Linking>
remark #10371-D: (ULP 1.1) Detected no uses of low power mode state changing instructions
remark #10372-D: (ULP 4.1) Detected uninitialized Port C in this project. Recommend initializing all unused ports to eliminate wasted current consumption on unused pins.
remark #10372-D: (ULP 4.1) Detected uninitialized Port D in this project. Recommend initializing all unused ports to eliminate wasted current consumption on unused pins.
'Finished building target: SPI_PC.out'
' '

**** Build Finished ****

**** Build of configuration Debug for project SPI_PC ****

"C:\\ti\\ccsv6\\utils\\bin\\gmake" -k all 
'Building file: ../main.c'
'Invoking: MSP430 Compiler'
"C:/ti/ccsv6/tools/compiler/ti-cgt-msp430_4.4.3/bin/cl430" -vmspx --abi=eabi --data_model=restricted --use_hw_mpy=F5 --include_path="C:/ti/ccsv6/ccs_base/msp430/include" --include_path="C:/ti/ccsv6/tools/compiler/ti-cgt-msp430_4.4.3/include" --advice:power=all -g --define=__MSP430F5529__ --diag_warning=225 --display_error_number --diag_wrap=off --silicon_errata=CPU21 --silicon_errata=CPU22 --silicon_errata=CPU23 --silicon_errata=CPU40 --printf_support=minimal --preproc_with_compile --preproc_dependency="main.pp"  "../main.c"
"../main.c", line 44: warning #112-D: statement is unreachable
"../main.c", line 99: remark #1528-D: (ULP 3.1) Detected flag polling using UCRXIFG. Recommend using an interrupt combined with enter LPMx and ISR
"../main.c", line 109: remark #1528-D: (ULP 3.1) Detected flag polling using UCTXIFG. Recommend using an interrupt combined with enter LPMx and ISR
"../main.c", line 116: remark #1528-D: (ULP 3.1) Detected flag polling using UCRXIFG. Recommend using an interrupt combined with enter LPMx and ISR
'Finished building: ../main.c'
' '
'Building target: SPI_PC.out'
'Invoking: MSP430 Linker'
"C:/ti/ccsv6/tools/compiler/ti-cgt-msp430_4.4.3/bin/cl430" -vmspx --abi=eabi --data_model=restricted --use_hw_mpy=F5 --advice:power=all -g --define=__MSP430F5529__ --diag_warning=225 --display_error_number --diag_wrap=off --silicon_errata=CPU21 --silicon_errata=CPU22 --silicon_errata=CPU23 --silicon_errata=CPU40 --printf_support=minimal -z -m"SPI_PC.map" --heap_size=160 --stack_size=160 --cinit_hold_wdt=on -i"C:/ti/ccsv6/ccs_base/msp430/include" -i"C:/ti/ccsv6/tools/compiler/ti-cgt-msp430_4.4.3/lib" -i"C:/ti/ccsv6/tools/compiler/ti-cgt-msp430_4.4.3/include" -i"C:/ti/ccsv6/ccs_base/msp430/lib/5xx_6xx_FRxx" --reread_libs --warn_sections --display_error_number --diag_wrap=off --xml_link_info="SPI_PC_linkInfo.xml" --use_hw_mpy=F5 --rom_model -o "SPI_PC.out" "./main.obj" "../lnk_msp430f5529.cmd"  -l"libmath.a" -l"libc.a" 
<Linking>
remark #10371-D: (ULP 1.1) Detected no uses of low power mode state changing instructions
remark #10372-D: (ULP 4.1) Detected uninitialized Port C in this project. Recommend initializing all unused ports to eliminate wasted current consumption on unused pins.
remark #10372-D: (ULP 4.1) Detected uninitialized Port D in this project. Recommend initializing all unused ports to eliminate wasted current consumption on unused pins.
'Finished building target: SPI_PC.out'
' '

**** Build Finished ****

**** Build of configuration Debug for project SPI_PC ****

"C:\\ti\\ccsv6\\utils\\bin\\gmake" -k all 
'Building file: ../main.c'
'Invoking: MSP430 Compiler'
"C:/ti/ccsv6/tools/compiler/ti-cgt-msp430_4.4.3/bin/cl430" -vmspx --abi=eabi --data_model=restricted --use_hw_mpy=F5 --include_path="C:/ti/ccsv6/ccs_base/msp430/include" --include_path="C:/ti/ccsv6/tools/compiler/ti-cgt-msp430_4.4.3/include" --advice:power=all -g --define=__MSP430F5529__ --diag_warning=225 --display_error_number --diag_wrap=off --silicon_errata=CPU21 --silicon_errata=CPU22 --silicon_errata=CPU23 --silicon_errata=CPU40 --printf_support=minimal --preproc_with_compile --preproc_dependency="main.pp"  "../main.c"
"../main.c", line 44: warning #112-D: statement is unreachable
"../main.c", line 101: remark #1528-D: (ULP 3.1) Detected flag polling using UCRXIFG. Recommend using an interrupt combined with enter LPMx and ISR
"../main.c", line 111: remark #1528-D: (ULP 3.1) Detected flag polling using UCTXIFG. Recommend using an interrupt combined with enter LPMx and ISR
"../main.c", line 118: remark #1528-D: (ULP 3.1) Detected flag polling using UCRXIFG. Recommend using an interrupt combined with enter LPMx and ISR
'Finished building: ../main.c'
' '
'Building target: SPI_PC.out'
'Invoking: MSP430 Linker'
"C:/ti/ccsv6/tools/compiler/ti-cgt-msp430_4.4.3/bin/cl430" -vmspx --abi=eabi --data_model=restricted --use_hw_mpy=F5 --advice:power=all -g --define=__MSP430F5529__ --diag_warning=225 --display_error_number --diag_wrap=off --silicon_errata=CPU21 --silicon_errata=CPU22 --silicon_errata=CPU23 --silicon_errata=CPU40 --printf_support=minimal -z -m"SPI_PC.map" --heap_size=160 --stack_size=160 --cinit_hold_wdt=on -i"C:/ti/ccsv6/ccs_base/msp430/include" -i"C:/ti/ccsv6/tools/compiler/ti-cgt-msp430_4.4.3/lib" -i"C:/ti/ccsv6/tools/compiler/ti-cgt-msp430_4.4.3/include" -i"C:/ti/ccsv6/ccs_base/msp430/lib/5xx_6xx_FRxx" --reread_libs --warn_sections --display_error_number --diag_wrap=off --xml_link_info="SPI_PC_linkInfo.xml" --use_hw_mpy=F5 --rom_model -o "SPI_PC.out" "./main.obj" "../lnk_msp430f5529.cmd"  -l"libmath.a" -l"libc.a" 
<Linking>
remark #10371-D: (ULP 1.1) Detected no uses of low power mode state changing instructions
remark #10372-D: (ULP 4.1) Detected uninitialized Port C in this project. Recommend initializing all unused ports to eliminate wasted current consumption on unused pins.
remark #10372-D: (ULP 4.1) Detected uninitialized Port D in this project. Recommend initializing all unused ports to eliminate wasted current consumption on unused pins.
'Finished building target: SPI_PC.out'
' '

**** Build Finished ****

**** Build of configuration Debug for project SPI_PC ****

"C:\\ti\\ccsv6\\utils\\bin\\gmake" -k all 
'Building file: ../main.c'
'Invoking: MSP430 Compiler'
"C:/ti/ccsv6/tools/compiler/ti-cgt-msp430_4.4.3/bin/cl430" -vmspx --abi=eabi --data_model=restricted --use_hw_mpy=F5 --include_path="C:/ti/ccsv6/ccs_base/msp430/include" --include_path="C:/ti/ccsv6/tools/compiler/ti-cgt-msp430_4.4.3/include" --advice:power=all -g --define=__MSP430F5529__ --diag_warning=225 --display_error_number --diag_wrap=off --silicon_errata=CPU21 --silicon_errata=CPU22 --silicon_errata=CPU23 --silicon_errata=CPU40 --printf_support=minimal --preproc_with_compile --preproc_dependency="main.pp"  "../main.c"
"../main.c", line 44: warning #112-D: statement is unreachable
"../main.c", line 102: remark #1528-D: (ULP 3.1) Detected flag polling using UCRXIFG. Recommend using an interrupt combined with enter LPMx and ISR
"../main.c", line 112: remark #1528-D: (ULP 3.1) Detected flag polling using UCTXIFG. Recommend using an interrupt combined with enter LPMx and ISR
"../main.c", line 119: remark #1528-D: (ULP 3.1) Detected flag polling using UCRXIFG. Recommend using an interrupt combined with enter LPMx and ISR
'Finished building: ../main.c'
' '
'Building target: SPI_PC.out'
'Invoking: MSP430 Linker'
"C:/ti/ccsv6/tools/compiler/ti-cgt-msp430_4.4.3/bin/cl430" -vmspx --abi=eabi --data_model=restricted --use_hw_mpy=F5 --advice:power=all -g --define=__MSP430F5529__ --diag_warning=225 --display_error_number --diag_wrap=off --silicon_errata=CPU21 --silicon_errata=CPU22 --silicon_errata=CPU23 --silicon_errata=CPU40 --printf_support=minimal -z -m"SPI_PC.map" --heap_size=160 --stack_size=160 --cinit_hold_wdt=on -i"C:/ti/ccsv6/ccs_base/msp430/include" -i"C:/ti/ccsv6/tools/compiler/ti-cgt-msp430_4.4.3/lib" -i"C:/ti/ccsv6/tools/compiler/ti-cgt-msp430_4.4.3/include" -i"C:/ti/ccsv6/ccs_base/msp430/lib/5xx_6xx_FRxx" --reread_libs --warn_sections --display_error_number --diag_wrap=off --xml_link_info="SPI_PC_linkInfo.xml" --use_hw_mpy=F5 --rom_model -o "SPI_PC.out" "./main.obj" "../lnk_msp430f5529.cmd"  -l"libmath.a" -l"libc.a" 
<Linking>
remark #10371-D: (ULP 1.1) Detected no uses of low power mode state changing instructions
remark #10372-D: (ULP 4.1) Detected uninitialized Port C in this project. Recommend initializing all unused ports to eliminate wasted current consumption on unused pins.
remark #10372-D: (ULP 4.1) Detected uninitialized Port D in this project. Recommend initializing all unused ports to eliminate wasted current consumption on unused pins.
'Finished building target: SPI_PC.out'
' '

**** Build Finished ****

**** Build of configuration Debug for project SPI_PC ****

"C:\\ti\\ccsv6\\utils\\bin\\gmake" -k all 
'Building file: ../main.c'
'Invoking: MSP430 Compiler'
"C:/ti/ccsv6/tools/compiler/ti-cgt-msp430_4.4.3/bin/cl430" -vmspx --abi=eabi --data_model=restricted --use_hw_mpy=F5 --include_path="C:/ti/ccsv6/ccs_base/msp430/include" --include_path="C:/ti/ccsv6/tools/compiler/ti-cgt-msp430_4.4.3/include" --advice:power=all -g --define=__MSP430F5529__ --diag_warning=225 --display_error_number --diag_wrap=off --silicon_errata=CPU21 --silicon_errata=CPU22 --silicon_errata=CPU23 --silicon_errata=CPU40 --printf_support=minimal --preproc_with_compile --preproc_dependency="main.pp"  "../main.c"
"../main.c", line 44: warning #112-D: statement is unreachable
"../main.c", line 102: remark #1528-D: (ULP 3.1) Detected flag polling using UCRXIFG. Recommend using an interrupt combined with enter LPMx and ISR
"../main.c", line 112: remark #1528-D: (ULP 3.1) Detected flag polling using UCTXIFG. Recommend using an interrupt combined with enter LPMx and ISR
"../main.c", line 119: remark #1528-D: (ULP 3.1) Detected flag polling using UCRXIFG. Recommend using an interrupt combined with enter LPMx and ISR
'Finished building: ../main.c'
' '
'Building target: SPI_PC.out'
'Invoking: MSP430 Linker'
"C:/ti/ccsv6/tools/compiler/ti-cgt-msp430_4.4.3/bin/cl430" -vmspx --abi=eabi --data_model=restricted --use_hw_mpy=F5 --advice:power=all -g --define=__MSP430F5529__ --diag_warning=225 --display_error_number --diag_wrap=off --silicon_errata=CPU21 --silicon_errata=CPU22 --silicon_errata=CPU23 --silicon_errata=CPU40 --printf_support=minimal -z -m"SPI_PC.map" --heap_size=160 --stack_size=160 --cinit_hold_wdt=on -i"C:/ti/ccsv6/ccs_base/msp430/include" -i"C:/ti/ccsv6/tools/compiler/ti-cgt-msp430_4.4.3/lib" -i"C:/ti/ccsv6/tools/compiler/ti-cgt-msp430_4.4.3/include" -i"C:/ti/ccsv6/ccs_base/msp430/lib/5xx_6xx_FRxx" --reread_libs --warn_sections --display_error_number --diag_wrap=off --xml_link_info="SPI_PC_linkInfo.xml" --use_hw_mpy=F5 --rom_model -o "SPI_PC.out" "./main.obj" "../lnk_msp430f5529.cmd"  -l"libmath.a" -l"libc.a" 
<Linking>
remark #10371-D: (ULP 1.1) Detected no uses of low power mode state changing instructions
remark #10372-D: (ULP 4.1) Detected uninitialized Port C in this project. Recommend initializing all unused ports to eliminate wasted current consumption on unused pins.
remark #10372-D: (ULP 4.1) Detected uninitialized Port D in this project. Recommend initializing all unused ports to eliminate wasted current consumption on unused pins.
'Finished building target: SPI_PC.out'
' '

**** Build Finished ****

**** Build of configuration Debug for project SPI_PC ****

"C:\\ti\\ccsv6\\utils\\bin\\gmake" -k all 
'Building file: ../main.c'
'Invoking: MSP430 Compiler'
"C:/ti/ccsv6/tools/compiler/ti-cgt-msp430_4.4.3/bin/cl430" -vmspx --abi=eabi --data_model=restricted --use_hw_mpy=F5 --include_path="C:/ti/ccsv6/ccs_base/msp430/include" --include_path="C:/ti/ccsv6/tools/compiler/ti-cgt-msp430_4.4.3/include" --advice:power=all -g --define=__MSP430F5529__ --diag_warning=225 --display_error_number --diag_wrap=off --silicon_errata=CPU21 --silicon_errata=CPU22 --silicon_errata=CPU23 --silicon_errata=CPU40 --printf_support=minimal --preproc_with_compile --preproc_dependency="main.pp"  "../main.c"
"../main.c", line 44: warning #112-D: statement is unreachable
"../main.c", line 103: remark #1528-D: (ULP 3.1) Detected flag polling using UCRXIFG. Recommend using an interrupt combined with enter LPMx and ISR
"../main.c", line 113: remark #1528-D: (ULP 3.1) Detected flag polling using UCTXIFG. Recommend using an interrupt combined with enter LPMx and ISR
"../main.c", line 120: remark #1528-D: (ULP 3.1) Detected flag polling using UCRXIFG. Recommend using an interrupt combined with enter LPMx and ISR
'Finished building: ../main.c'
' '
'Building target: SPI_PC.out'
'Invoking: MSP430 Linker'
"C:/ti/ccsv6/tools/compiler/ti-cgt-msp430_4.4.3/bin/cl430" -vmspx --abi=eabi --data_model=restricted --use_hw_mpy=F5 --advice:power=all -g --define=__MSP430F5529__ --diag_warning=225 --display_error_number --diag_wrap=off --silicon_errata=CPU21 --silicon_errata=CPU22 --silicon_errata=CPU23 --silicon_errata=CPU40 --printf_support=minimal -z -m"SPI_PC.map" --heap_size=160 --stack_size=160 --cinit_hold_wdt=on -i"C:/ti/ccsv6/ccs_base/msp430/include" -i"C:/ti/ccsv6/tools/compiler/ti-cgt-msp430_4.4.3/lib" -i"C:/ti/ccsv6/tools/compiler/ti-cgt-msp430_4.4.3/include" -i"C:/ti/ccsv6/ccs_base/msp430/lib/5xx_6xx_FRxx" --reread_libs --warn_sections --display_error_number --diag_wrap=off --xml_link_info="SPI_PC_linkInfo.xml" --use_hw_mpy=F5 --rom_model -o "SPI_PC.out" "./main.obj" "../lnk_msp430f5529.cmd"  -l"libmath.a" -l"libc.a" 
<Linking>
remark #10371-D: (ULP 1.1) Detected no uses of low power mode state changing instructions
remark #10372-D: (ULP 4.1) Detected uninitialized Port C in this project. Recommend initializing all unused ports to eliminate wasted current consumption on unused pins.
remark #10372-D: (ULP 4.1) Detected uninitialized Port D in this project. Recommend initializing all unused ports to eliminate wasted current consumption on unused pins.
'Finished building target: SPI_PC.out'
' '

**** Build Finished ****

**** Build of configuration Debug for project SPI_PC ****

"C:\\ti\\ccsv6\\utils\\bin\\gmake" -k all 
gmake: Nothing to be done for `all'.

**** Build Finished ****

**** Build of configuration Debug for project SPI_PC ****

"C:\\ti\\ccsv6\\utils\\bin\\gmake" -k all 
gmake: Nothing to be done for `all'.

**** Build Finished ****

**** Build of configuration Debug for project SPI_PC ****

"C:\\ti\\ccsv6\\utils\\bin\\gmake" -k all 
'Building file: ../main.c'
'Invoking: MSP430 Compiler'
"C:/ti/ccsv6/tools/compiler/ti-cgt-msp430_4.4.3/bin/cl430" -vmspx --abi=eabi --data_model=restricted --use_hw_mpy=F5 --include_path="C:/ti/ccsv6/ccs_base/msp430/include" --include_path="C:/ti/ccsv6/tools/compiler/ti-cgt-msp430_4.4.3/include" --advice:power=all -g --define=__MSP430F5529__ --diag_warning=225 --display_error_number --diag_wrap=off --silicon_errata=CPU21 --silicon_errata=CPU22 --silicon_errata=CPU23 --silicon_errata=CPU40 --printf_support=minimal --preproc_with_compile --preproc_dependency="main.pp"  "../main.c"
"../main.c", line 44: warning #112-D: statement is unreachable
"../main.c", line 103: remark #1528-D: (ULP 3.1) Detected flag polling using UCRXIFG. Recommend using an interrupt combined with enter LPMx and ISR
"../main.c", line 113: remark #1528-D: (ULP 3.1) Detected flag polling using UCTXIFG. Recommend using an interrupt combined with enter LPMx and ISR
"../main.c", line 120: remark #1528-D: (ULP 3.1) Detected flag polling using UCRXIFG. Recommend using an interrupt combined with enter LPMx and ISR
'Finished building: ../main.c'
' '
'Building target: SPI_PC.out'
'Invoking: MSP430 Linker'
"C:/ti/ccsv6/tools/compiler/ti-cgt-msp430_4.4.3/bin/cl430" -vmspx --abi=eabi --data_model=restricted --use_hw_mpy=F5 --advice:power=all -g --define=__MSP430F5529__ --diag_warning=225 --display_error_number --diag_wrap=off --silicon_errata=CPU21 --silicon_errata=CPU22 --silicon_errata=CPU23 --silicon_errata=CPU40 --printf_support=minimal -z -m"SPI_PC.map" --heap_size=160 --stack_size=160 --cinit_hold_wdt=on -i"C:/ti/ccsv6/ccs_base/msp430/include" -i"C:/ti/ccsv6/tools/compiler/ti-cgt-msp430_4.4.3/lib" -i"C:/ti/ccsv6/tools/compiler/ti-cgt-msp430_4.4.3/include" -i"C:/ti/ccsv6/ccs_base/msp430/lib/5xx_6xx_FRxx" --reread_libs --warn_sections --display_error_number --diag_wrap=off --xml_link_info="SPI_PC_linkInfo.xml" --use_hw_mpy=F5 --rom_model -o "SPI_PC.out" "./main.obj" "../lnk_msp430f5529.cmd"  -l"libmath.a" -l"libc.a" 
<Linking>
remark #10371-D: (ULP 1.1) Detected no uses of low power mode state changing instructions
remark #10372-D: (ULP 4.1) Detected uninitialized Port C in this project. Recommend initializing all unused ports to eliminate wasted current consumption on unused pins.
remark #10372-D: (ULP 4.1) Detected uninitialized Port D in this project. Recommend initializing all unused ports to eliminate wasted current consumption on unused pins.
'Finished building target: SPI_PC.out'
' '

**** Build Finished ****

**** Build of configuration Debug for project SPI_PC ****

"C:\\ti\\ccsv6\\utils\\bin\\gmake" -k all 
'Building file: ../main.c'
'Invoking: MSP430 Compiler'
"C:/ti/ccsv6/tools/compiler/ti-cgt-msp430_4.4.3/bin/cl430" -vmspx --abi=eabi --data_model=restricted --use_hw_mpy=F5 --include_path="C:/ti/ccsv6/ccs_base/msp430/include" --include_path="C:/ti/ccsv6/tools/compiler/ti-cgt-msp430_4.4.3/include" --advice:power=all -g --define=__MSP430F5529__ --diag_warning=225 --display_error_number --diag_wrap=off --silicon_errata=CPU21 --silicon_errata=CPU22 --silicon_errata=CPU23 --silicon_errata=CPU40 --printf_support=minimal --preproc_with_compile --preproc_dependency="main.pp"  "../main.c"
"../main.c", line 44: warning #112-D: statement is unreachable
"../main.c", line 103: remark #1528-D: (ULP 3.1) Detected flag polling using UCRXIFG. Recommend using an interrupt combined with enter LPMx and ISR
"../main.c", line 113: remark #1528-D: (ULP 3.1) Detected flag polling using UCTXIFG. Recommend using an interrupt combined with enter LPMx and ISR
"../main.c", line 120: remark #1528-D: (ULP 3.1) Detected flag polling using UCRXIFG. Recommend using an interrupt combined with enter LPMx and ISR
'Finished building: ../main.c'
' '
'Building target: SPI_PC.out'
'Invoking: MSP430 Linker'
"C:/ti/ccsv6/tools/compiler/ti-cgt-msp430_4.4.3/bin/cl430" -vmspx --abi=eabi --data_model=restricted --use_hw_mpy=F5 --advice:power=all -g --define=__MSP430F5529__ --diag_warning=225 --display_error_number --diag_wrap=off --silicon_errata=CPU21 --silicon_errata=CPU22 --silicon_errata=CPU23 --silicon_errata=CPU40 --printf_support=minimal -z -m"SPI_PC.map" --heap_size=160 --stack_size=160 --cinit_hold_wdt=on -i"C:/ti/ccsv6/ccs_base/msp430/include" -i"C:/ti/ccsv6/tools/compiler/ti-cgt-msp430_4.4.3/lib" -i"C:/ti/ccsv6/tools/compiler/ti-cgt-msp430_4.4.3/include" -i"C:/ti/ccsv6/ccs_base/msp430/lib/5xx_6xx_FRxx" --reread_libs --warn_sections --display_error_number --diag_wrap=off --xml_link_info="SPI_PC_linkInfo.xml" --use_hw_mpy=F5 --rom_model -o "SPI_PC.out" "./main.obj" "../lnk_msp430f5529.cmd"  -l"libmath.a" -l"libc.a" 
<Linking>
remark #10371-D: (ULP 1.1) Detected no uses of low power mode state changing instructions
remark #10372-D: (ULP 4.1) Detected uninitialized Port C in this project. Recommend initializing all unused ports to eliminate wasted current consumption on unused pins.
remark #10372-D: (ULP 4.1) Detected uninitialized Port D in this project. Recommend initializing all unused ports to eliminate wasted current consumption on unused pins.
'Finished building target: SPI_PC.out'
' '

**** Build Finished ****

**** Build of configuration Debug for project SPI_PC ****

"C:\\ti\\ccsv6\\utils\\bin\\gmake" -k all 
gmake: Nothing to be done for `all'.

**** Build Finished ****

**** Build of configuration Debug for project SPI_PC ****

"C:\\ti\\ccsv6\\utils\\bin\\gmake" -k all 
'Building file: ../main.c'
'Invoking: MSP430 Compiler'
"C:/ti/ccsv6/tools/compiler/ti-cgt-msp430_4.4.3/bin/cl430" -vmspx --abi=eabi --data_model=restricted --use_hw_mpy=F5 --include_path="C:/ti/ccsv6/ccs_base/msp430/include" --include_path="C:/ti/ccsv6/tools/compiler/ti-cgt-msp430_4.4.3/include" --advice:power=all -g --define=__MSP430F5529__ --diag_warning=225 --display_error_number --diag_wrap=off --silicon_errata=CPU21 --silicon_errata=CPU22 --silicon_errata=CPU23 --silicon_errata=CPU40 --printf_support=minimal --preproc_with_compile --preproc_dependency="main.pp"  "../main.c"
"../main.c", line 44: warning #112-D: statement is unreachable
"../main.c", line 103: remark #1528-D: (ULP 3.1) Detected flag polling using UCRXIFG. Recommend using an interrupt combined with enter LPMx and ISR
"../main.c", line 112: remark #1528-D: (ULP 3.1) Detected flag polling using UCTXIFG. Recommend using an interrupt combined with enter LPMx and ISR
"../main.c", line 119: remark #1528-D: (ULP 3.1) Detected flag polling using UCRXIFG. Recommend using an interrupt combined with enter LPMx and ISR
'Finished building: ../main.c'
' '
'Building target: SPI_PC.out'
'Invoking: MSP430 Linker'
"C:/ti/ccsv6/tools/compiler/ti-cgt-msp430_4.4.3/bin/cl430" -vmspx --abi=eabi --data_model=restricted --use_hw_mpy=F5 --advice:power=all -g --define=__MSP430F5529__ --diag_warning=225 --display_error_number --diag_wrap=off --silicon_errata=CPU21 --silicon_errata=CPU22 --silicon_errata=CPU23 --silicon_errata=CPU40 --printf_support=minimal -z -m"SPI_PC.map" --heap_size=160 --stack_size=160 --cinit_hold_wdt=on -i"C:/ti/ccsv6/ccs_base/msp430/include" -i"C:/ti/ccsv6/tools/compiler/ti-cgt-msp430_4.4.3/lib" -i"C:/ti/ccsv6/tools/compiler/ti-cgt-msp430_4.4.3/include" -i"C:/ti/ccsv6/ccs_base/msp430/lib/5xx_6xx_FRxx" --reread_libs --warn_sections --display_error_number --diag_wrap=off --xml_link_info="SPI_PC_linkInfo.xml" --use_hw_mpy=F5 --rom_model -o "SPI_PC.out" "./main.obj" "../lnk_msp430f5529.cmd"  -l"libmath.a" -l"libc.a" 
<Linking>
remark #10371-D: (ULP 1.1) Detected no uses of low power mode state changing instructions
remark #10372-D: (ULP 4.1) Detected uninitialized Port C in this project. Recommend initializing all unused ports to eliminate wasted current consumption on unused pins.
remark #10372-D: (ULP 4.1) Detected uninitialized Port D in this project. Recommend initializing all unused ports to eliminate wasted current consumption on unused pins.
'Finished building target: SPI_PC.out'
' '

**** Build Finished ****

**** Build of configuration Debug for project SPI_PC ****

"C:\\ti\\ccsv6\\utils\\bin\\gmake" -k all 
'Building file: ../main.c'
'Invoking: MSP430 Compiler'
"C:/ti/ccsv6/tools/compiler/ti-cgt-msp430_4.4.3/bin/cl430" -vmspx --abi=eabi --data_model=restricted --use_hw_mpy=F5 --include_path="C:/ti/ccsv6/ccs_base/msp430/include" --include_path="C:/ti/ccsv6/tools/compiler/ti-cgt-msp430_4.4.3/include" --advice:power=all -g --define=__MSP430F5529__ --diag_warning=225 --display_error_number --diag_wrap=off --silicon_errata=CPU21 --silicon_errata=CPU22 --silicon_errata=CPU23 --silicon_errata=CPU40 --printf_support=minimal --preproc_with_compile --preproc_dependency="main.pp"  "../main.c"
"../main.c", line 44: warning #112-D: statement is unreachable
"../main.c", line 103: remark #1528-D: (ULP 3.1) Detected flag polling using UCRXIFG. Recommend using an interrupt combined with enter LPMx and ISR
"../main.c", line 112: remark #1528-D: (ULP 3.1) Detected flag polling using UCTXIFG. Recommend using an interrupt combined with enter LPMx and ISR
"../main.c", line 119: remark #1528-D: (ULP 3.1) Detected flag polling using UCRXIFG. Recommend using an interrupt combined with enter LPMx and ISR
'Finished building: ../main.c'
' '
'Building target: SPI_PC.out'
'Invoking: MSP430 Linker'
"C:/ti/ccsv6/tools/compiler/ti-cgt-msp430_4.4.3/bin/cl430" -vmspx --abi=eabi --data_model=restricted --use_hw_mpy=F5 --advice:power=all -g --define=__MSP430F5529__ --diag_warning=225 --display_error_number --diag_wrap=off --silicon_errata=CPU21 --silicon_errata=CPU22 --silicon_errata=CPU23 --silicon_errata=CPU40 --printf_support=minimal -z -m"SPI_PC.map" --heap_size=160 --stack_size=160 --cinit_hold_wdt=on -i"C:/ti/ccsv6/ccs_base/msp430/include" -i"C:/ti/ccsv6/tools/compiler/ti-cgt-msp430_4.4.3/lib" -i"C:/ti/ccsv6/tools/compiler/ti-cgt-msp430_4.4.3/include" -i"C:/ti/ccsv6/ccs_base/msp430/lib/5xx_6xx_FRxx" --reread_libs --warn_sections --display_error_number --diag_wrap=off --xml_link_info="SPI_PC_linkInfo.xml" --use_hw_mpy=F5 --rom_model -o "SPI_PC.out" "./main.obj" "../lnk_msp430f5529.cmd"  -l"libmath.a" -l"libc.a" 
<Linking>
remark #10371-D: (ULP 1.1) Detected no uses of low power mode state changing instructions
remark #10372-D: (ULP 4.1) Detected uninitialized Port C in this project. Recommend initializing all unused ports to eliminate wasted current consumption on unused pins.
remark #10372-D: (ULP 4.1) Detected uninitialized Port D in this project. Recommend initializing all unused ports to eliminate wasted current consumption on unused pins.
'Finished building target: SPI_PC.out'
' '

**** Build Finished ****

**** Build of configuration Debug for project SPI_PC ****

"C:\\ti\\ccsv6\\utils\\bin\\gmake" -k all 
'Building file: ../main.c'
'Invoking: MSP430 Compiler'
"C:/ti/ccsv6/tools/compiler/ti-cgt-msp430_4.4.3/bin/cl430" -vmspx --abi=eabi --data_model=restricted --use_hw_mpy=F5 --include_path="C:/ti/ccsv6/ccs_base/msp430/include" --include_path="C:/ti/ccsv6/tools/compiler/ti-cgt-msp430_4.4.3/include" --advice:power=all -g --define=__MSP430F5529__ --diag_warning=225 --display_error_number --diag_wrap=off --silicon_errata=CPU21 --silicon_errata=CPU22 --silicon_errata=CPU23 --silicon_errata=CPU40 --printf_support=minimal --preproc_with_compile --preproc_dependency="main.pp"  "../main.c"
"../main.c", line 44: warning #112-D: statement is unreachable
"../main.c", line 103: remark #1528-D: (ULP 3.1) Detected flag polling using UCRXIFG. Recommend using an interrupt combined with enter LPMx and ISR
"../main.c", line 112: remark #1528-D: (ULP 3.1) Detected flag polling using UCTXIFG. Recommend using an interrupt combined with enter LPMx and ISR
"../main.c", line 119: remark #1528-D: (ULP 3.1) Detected flag polling using UCRXIFG. Recommend using an interrupt combined with enter LPMx and ISR
'Finished building: ../main.c'
' '
'Building target: SPI_PC.out'
'Invoking: MSP430 Linker'
"C:/ti/ccsv6/tools/compiler/ti-cgt-msp430_4.4.3/bin/cl430" -vmspx --abi=eabi --data_model=restricted --use_hw_mpy=F5 --advice:power=all -g --define=__MSP430F5529__ --diag_warning=225 --display_error_number --diag_wrap=off --silicon_errata=CPU21 --silicon_errata=CPU22 --silicon_errata=CPU23 --silicon_errata=CPU40 --printf_support=minimal -z -m"SPI_PC.map" --heap_size=160 --stack_size=160 --cinit_hold_wdt=on -i"C:/ti/ccsv6/ccs_base/msp430/include" -i"C:/ti/ccsv6/tools/compiler/ti-cgt-msp430_4.4.3/lib" -i"C:/ti/ccsv6/tools/compiler/ti-cgt-msp430_4.4.3/include" -i"C:/ti/ccsv6/ccs_base/msp430/lib/5xx_6xx_FRxx" --reread_libs --warn_sections --display_error_number --diag_wrap=off --xml_link_info="SPI_PC_linkInfo.xml" --use_hw_mpy=F5 --rom_model -o "SPI_PC.out" "./main.obj" "../lnk_msp430f5529.cmd"  -l"libmath.a" -l"libc.a" 
<Linking>
remark #10371-D: (ULP 1.1) Detected no uses of low power mode state changing instructions
remark #10372-D: (ULP 4.1) Detected uninitialized Port C in this project. Recommend initializing all unused ports to eliminate wasted current consumption on unused pins.
remark #10372-D: (ULP 4.1) Detected uninitialized Port D in this project. Recommend initializing all unused ports to eliminate wasted current consumption on unused pins.
'Finished building target: SPI_PC.out'
' '

**** Build Finished ****

**** Build of configuration Debug for project SPI_PC ****

"C:\\ti\\ccsv6\\utils\\bin\\gmake" -k all 
'Building file: ../main.c'
'Invoking: MSP430 Compiler'
"C:/ti/ccsv6/tools/compiler/ti-cgt-msp430_4.4.3/bin/cl430" -vmspx --abi=eabi --data_model=restricted --use_hw_mpy=F5 --include_path="C:/ti/ccsv6/ccs_base/msp430/include" --include_path="C:/ti/ccsv6/tools/compiler/ti-cgt-msp430_4.4.3/include" --advice:power=all -g --define=__MSP430F5529__ --diag_warning=225 --display_error_number --diag_wrap=off --silicon_errata=CPU21 --silicon_errata=CPU22 --silicon_errata=CPU23 --silicon_errata=CPU40 --printf_support=minimal --preproc_with_compile --preproc_dependency="main.pp"  "../main.c"
"../main.c", line 44: warning #112-D: statement is unreachable
"../main.c", line 103: remark #1528-D: (ULP 3.1) Detected flag polling using UCRXIFG. Recommend using an interrupt combined with enter LPMx and ISR
"../main.c", line 112: remark #1528-D: (ULP 3.1) Detected flag polling using UCTXIFG. Recommend using an interrupt combined with enter LPMx and ISR
"../main.c", line 119: remark #1528-D: (ULP 3.1) Detected flag polling using UCRXIFG. Recommend using an interrupt combined with enter LPMx and ISR
'Finished building: ../main.c'
' '
'Building target: SPI_PC.out'
'Invoking: MSP430 Linker'
"C:/ti/ccsv6/tools/compiler/ti-cgt-msp430_4.4.3/bin/cl430" -vmspx --abi=eabi --data_model=restricted --use_hw_mpy=F5 --advice:power=all -g --define=__MSP430F5529__ --diag_warning=225 --display_error_number --diag_wrap=off --silicon_errata=CPU21 --silicon_errata=CPU22 --silicon_errata=CPU23 --silicon_errata=CPU40 --printf_support=minimal -z -m"SPI_PC.map" --heap_size=160 --stack_size=160 --cinit_hold_wdt=on -i"C:/ti/ccsv6/ccs_base/msp430/include" -i"C:/ti/ccsv6/tools/compiler/ti-cgt-msp430_4.4.3/lib" -i"C:/ti/ccsv6/tools/compiler/ti-cgt-msp430_4.4.3/include" -i"C:/ti/ccsv6/ccs_base/msp430/lib/5xx_6xx_FRxx" --reread_libs --warn_sections --display_error_number --diag_wrap=off --xml_link_info="SPI_PC_linkInfo.xml" --use_hw_mpy=F5 --rom_model -o "SPI_PC.out" "./main.obj" "../lnk_msp430f5529.cmd"  -l"libmath.a" -l"libc.a" 
<Linking>
remark #10371-D: (ULP 1.1) Detected no uses of low power mode state changing instructions
remark #10372-D: (ULP 4.1) Detected uninitialized Port C in this project. Recommend initializing all unused ports to eliminate wasted current consumption on unused pins.
remark #10372-D: (ULP 4.1) Detected uninitialized Port D in this project. Recommend initializing all unused ports to eliminate wasted current consumption on unused pins.
'Finished building target: SPI_PC.out'
' '

**** Build Finished ****

**** Build of configuration Debug for project SPI_PC ****

"C:\\ti\\ccsv6\\utils\\bin\\gmake" -k all 
'Building file: ../main.c'
'Invoking: MSP430 Compiler'
"C:/ti/ccsv6/tools/compiler/ti-cgt-msp430_4.4.3/bin/cl430" -vmspx --abi=eabi --data_model=restricted --use_hw_mpy=F5 --include_path="C:/ti/ccsv6/ccs_base/msp430/include" --include_path="C:/ti/ccsv6/tools/compiler/ti-cgt-msp430_4.4.3/include" --advice:power=all -g --define=__MSP430F5529__ --diag_warning=225 --display_error_number --diag_wrap=off --silicon_errata=CPU21 --silicon_errata=CPU22 --silicon_errata=CPU23 --silicon_errata=CPU40 --printf_support=minimal --preproc_with_compile --preproc_dependency="main.pp"  "../main.c"
"../main.c", line 44: warning #112-D: statement is unreachable
"../main.c", line 103: remark #1528-D: (ULP 3.1) Detected flag polling using UCRXIFG. Recommend using an interrupt combined with enter LPMx and ISR
"../main.c", line 112: remark #1528-D: (ULP 3.1) Detected flag polling using UCTXIFG. Recommend using an interrupt combined with enter LPMx and ISR
"../main.c", line 119: remark #1528-D: (ULP 3.1) Detected flag polling using UCRXIFG. Recommend using an interrupt combined with enter LPMx and ISR
'Finished building: ../main.c'
' '
'Building target: SPI_PC.out'
'Invoking: MSP430 Linker'
"C:/ti/ccsv6/tools/compiler/ti-cgt-msp430_4.4.3/bin/cl430" -vmspx --abi=eabi --data_model=restricted --use_hw_mpy=F5 --advice:power=all -g --define=__MSP430F5529__ --diag_warning=225 --display_error_number --diag_wrap=off --silicon_errata=CPU21 --silicon_errata=CPU22 --silicon_errata=CPU23 --silicon_errata=CPU40 --printf_support=minimal -z -m"SPI_PC.map" --heap_size=160 --stack_size=160 --cinit_hold_wdt=on -i"C:/ti/ccsv6/ccs_base/msp430/include" -i"C:/ti/ccsv6/tools/compiler/ti-cgt-msp430_4.4.3/lib" -i"C:/ti/ccsv6/tools/compiler/ti-cgt-msp430_4.4.3/include" -i"C:/ti/ccsv6/ccs_base/msp430/lib/5xx_6xx_FRxx" --reread_libs --warn_sections --display_error_number --diag_wrap=off --xml_link_info="SPI_PC_linkInfo.xml" --use_hw_mpy=F5 --rom_model -o "SPI_PC.out" "./main.obj" "../lnk_msp430f5529.cmd"  -l"libmath.a" -l"libc.a" 
<Linking>
remark #10371-D: (ULP 1.1) Detected no uses of low power mode state changing instructions
remark #10372-D: (ULP 4.1) Detected uninitialized Port C in this project. Recommend initializing all unused ports to eliminate wasted current consumption on unused pins.
remark #10372-D: (ULP 4.1) Detected uninitialized Port D in this project. Recommend initializing all unused ports to eliminate wasted current consumption on unused pins.
'Finished building target: SPI_PC.out'
' '

**** Build Finished ****

**** Build of configuration Debug for project SPI_PC ****

"C:\\ti\\ccsv6\\utils\\bin\\gmake" -k all 
'Building file: ../main.c'
'Invoking: MSP430 Compiler'
"C:/ti/ccsv6/tools/compiler/ti-cgt-msp430_4.4.3/bin/cl430" -vmspx --abi=eabi --data_model=restricted --use_hw_mpy=F5 --include_path="C:/ti/ccsv6/ccs_base/msp430/include" --include_path="C:/ti/ccsv6/tools/compiler/ti-cgt-msp430_4.4.3/include" --advice:power=all -g --define=__MSP430F5529__ --diag_warning=225 --display_error_number --diag_wrap=off --silicon_errata=CPU21 --silicon_errata=CPU22 --silicon_errata=CPU23 --silicon_errata=CPU40 --printf_support=minimal --preproc_with_compile --preproc_dependency="main.pp"  "../main.c"
"../main.c", line 44: warning #112-D: statement is unreachable
"../main.c", line 103: remark #1528-D: (ULP 3.1) Detected flag polling using UCRXIFG. Recommend using an interrupt combined with enter LPMx and ISR
"../main.c", line 112: remark #1528-D: (ULP 3.1) Detected flag polling using UCTXIFG. Recommend using an interrupt combined with enter LPMx and ISR
"../main.c", line 119: remark #1528-D: (ULP 3.1) Detected flag polling using UCRXIFG. Recommend using an interrupt combined with enter LPMx and ISR
'Finished building: ../main.c'
' '
'Building target: SPI_PC.out'
'Invoking: MSP430 Linker'
"C:/ti/ccsv6/tools/compiler/ti-cgt-msp430_4.4.3/bin/cl430" -vmspx --abi=eabi --data_model=restricted --use_hw_mpy=F5 --advice:power=all -g --define=__MSP430F5529__ --diag_warning=225 --display_error_number --diag_wrap=off --silicon_errata=CPU21 --silicon_errata=CPU22 --silicon_errata=CPU23 --silicon_errata=CPU40 --printf_support=minimal -z -m"SPI_PC.map" --heap_size=160 --stack_size=160 --cinit_hold_wdt=on -i"C:/ti/ccsv6/ccs_base/msp430/include" -i"C:/ti/ccsv6/tools/compiler/ti-cgt-msp430_4.4.3/lib" -i"C:/ti/ccsv6/tools/compiler/ti-cgt-msp430_4.4.3/include" -i"C:/ti/ccsv6/ccs_base/msp430/lib/5xx_6xx_FRxx" --reread_libs --warn_sections --display_error_number --diag_wrap=off --xml_link_info="SPI_PC_linkInfo.xml" --use_hw_mpy=F5 --rom_model -o "SPI_PC.out" "./main.obj" "../lnk_msp430f5529.cmd"  -l"libmath.a" -l"libc.a" 
<Linking>
remark #10371-D: (ULP 1.1) Detected no uses of low power mode state changing instructions
remark #10372-D: (ULP 4.1) Detected uninitialized Port C in this project. Recommend initializing all unused ports to eliminate wasted current consumption on unused pins.
remark #10372-D: (ULP 4.1) Detected uninitialized Port D in this project. Recommend initializing all unused ports to eliminate wasted current consumption on unused pins.
'Finished building target: SPI_PC.out'
' '

**** Build Finished ****

**** Build of configuration Debug for project SPI_PC ****

"C:\\ti\\ccsv6\\utils\\bin\\gmake" -k all 
'Building file: ../main.c'
'Invoking: MSP430 Compiler'
"C:/ti/ccsv6/tools/compiler/ti-cgt-msp430_4.4.3/bin/cl430" -vmspx --abi=eabi --data_model=restricted --use_hw_mpy=F5 --include_path="C:/ti/ccsv6/ccs_base/msp430/include" --include_path="C:/ti/ccsv6/tools/compiler/ti-cgt-msp430_4.4.3/include" --advice:power=all -g --define=__MSP430F5529__ --diag_warning=225 --display_error_number --diag_wrap=off --silicon_errata=CPU21 --silicon_errata=CPU22 --silicon_errata=CPU23 --silicon_errata=CPU40 --printf_support=minimal --preproc_with_compile --preproc_dependency="main.pp"  "../main.c"
"../main.c", line 49: warning #112-D: statement is unreachable
"../main.c", line 108: remark #1528-D: (ULP 3.1) Detected flag polling using UCRXIFG. Recommend using an interrupt combined with enter LPMx and ISR
"../main.c", line 117: remark #1528-D: (ULP 3.1) Detected flag polling using UCTXIFG. Recommend using an interrupt combined with enter LPMx and ISR
"../main.c", line 124: remark #1528-D: (ULP 3.1) Detected flag polling using UCRXIFG. Recommend using an interrupt combined with enter LPMx and ISR
'Finished building: ../main.c'
' '
'Building target: SPI_PC.out'
'Invoking: MSP430 Linker'
"C:/ti/ccsv6/tools/compiler/ti-cgt-msp430_4.4.3/bin/cl430" -vmspx --abi=eabi --data_model=restricted --use_hw_mpy=F5 --advice:power=all -g --define=__MSP430F5529__ --diag_warning=225 --display_error_number --diag_wrap=off --silicon_errata=CPU21 --silicon_errata=CPU22 --silicon_errata=CPU23 --silicon_errata=CPU40 --printf_support=minimal -z -m"SPI_PC.map" --heap_size=160 --stack_size=160 --cinit_hold_wdt=on -i"C:/ti/ccsv6/ccs_base/msp430/include" -i"C:/ti/ccsv6/tools/compiler/ti-cgt-msp430_4.4.3/lib" -i"C:/ti/ccsv6/tools/compiler/ti-cgt-msp430_4.4.3/include" -i"C:/ti/ccsv6/ccs_base/msp430/lib/5xx_6xx_FRxx" --reread_libs --warn_sections --display_error_number --diag_wrap=off --xml_link_info="SPI_PC_linkInfo.xml" --use_hw_mpy=F5 --rom_model -o "SPI_PC.out" "./main.obj" "../lnk_msp430f5529.cmd"  -l"libmath.a" -l"libc.a" 
<Linking>
remark #10371-D: (ULP 1.1) Detected no uses of low power mode state changing instructions
remark #10372-D: (ULP 4.1) Detected uninitialized Port C in this project. Recommend initializing all unused ports to eliminate wasted current consumption on unused pins.
remark #10372-D: (ULP 4.1) Detected uninitialized Port D in this project. Recommend initializing all unused ports to eliminate wasted current consumption on unused pins.
'Finished building target: SPI_PC.out'
' '

**** Build Finished ****

**** Build of configuration Debug for project SPI_PC ****

"C:\\ti\\ccsv6\\utils\\bin\\gmake" -k all 
'Building file: ../main.c'
'Invoking: MSP430 Compiler'
"C:/ti/ccsv6/tools/compiler/ti-cgt-msp430_4.4.3/bin/cl430" -vmspx --abi=eabi --data_model=restricted --use_hw_mpy=F5 --include_path="C:/ti/ccsv6/ccs_base/msp430/include" --include_path="C:/ti/ccsv6/tools/compiler/ti-cgt-msp430_4.4.3/include" --advice:power=all -g --define=__MSP430F5529__ --diag_warning=225 --display_error_number --diag_wrap=off --silicon_errata=CPU21 --silicon_errata=CPU22 --silicon_errata=CPU23 --silicon_errata=CPU40 --printf_support=minimal --preproc_with_compile --preproc_dependency="main.pp"  "../main.c"
"../main.c", line 50: warning #112-D: statement is unreachable
"../main.c", line 109: remark #1528-D: (ULP 3.1) Detected flag polling using UCRXIFG. Recommend using an interrupt combined with enter LPMx and ISR
"../main.c", line 118: remark #1528-D: (ULP 3.1) Detected flag polling using UCTXIFG. Recommend using an interrupt combined with enter LPMx and ISR
"../main.c", line 125: remark #1528-D: (ULP 3.1) Detected flag polling using UCRXIFG. Recommend using an interrupt combined with enter LPMx and ISR
'Finished building: ../main.c'
' '
'Building target: SPI_PC.out'
'Invoking: MSP430 Linker'
"C:/ti/ccsv6/tools/compiler/ti-cgt-msp430_4.4.3/bin/cl430" -vmspx --abi=eabi --data_model=restricted --use_hw_mpy=F5 --advice:power=all -g --define=__MSP430F5529__ --diag_warning=225 --display_error_number --diag_wrap=off --silicon_errata=CPU21 --silicon_errata=CPU22 --silicon_errata=CPU23 --silicon_errata=CPU40 --printf_support=minimal -z -m"SPI_PC.map" --heap_size=160 --stack_size=160 --cinit_hold_wdt=on -i"C:/ti/ccsv6/ccs_base/msp430/include" -i"C:/ti/ccsv6/tools/compiler/ti-cgt-msp430_4.4.3/lib" -i"C:/ti/ccsv6/tools/compiler/ti-cgt-msp430_4.4.3/include" -i"C:/ti/ccsv6/ccs_base/msp430/lib/5xx_6xx_FRxx" --reread_libs --warn_sections --display_error_number --diag_wrap=off --xml_link_info="SPI_PC_linkInfo.xml" --use_hw_mpy=F5 --rom_model -o "SPI_PC.out" "./main.obj" "../lnk_msp430f5529.cmd"  -l"libmath.a" -l"libc.a" 
<Linking>
remark #10371-D: (ULP 1.1) Detected no uses of low power mode state changing instructions
remark #10372-D: (ULP 4.1) Detected uninitialized Port C in this project. Recommend initializing all unused ports to eliminate wasted current consumption on unused pins.
remark #10372-D: (ULP 4.1) Detected uninitialized Port D in this project. Recommend initializing all unused ports to eliminate wasted current consumption on unused pins.
'Finished building target: SPI_PC.out'
' '

**** Build Finished ****

**** Build of configuration Debug for project SPI_PC ****

"C:\\ti\\ccsv6\\utils\\bin\\gmake" -k all 
'Building file: ../main.c'
'Invoking: MSP430 Compiler'
"C:/ti/ccsv6/tools/compiler/ti-cgt-msp430_4.4.3/bin/cl430" -vmspx --abi=eabi --data_model=restricted --use_hw_mpy=F5 --include_path="C:/ti/ccsv6/ccs_base/msp430/include" --include_path="C:/ti/ccsv6/tools/compiler/ti-cgt-msp430_4.4.3/include" --advice:power=all -g --define=__MSP430F5529__ --diag_warning=225 --display_error_number --diag_wrap=off --silicon_errata=CPU21 --silicon_errata=CPU22 --silicon_errata=CPU23 --silicon_errata=CPU40 --printf_support=minimal --preproc_with_compile --preproc_dependency="main.pp"  "../main.c"
"../main.c", line 50: warning #112-D: statement is unreachable
"../main.c", line 109: remark #1528-D: (ULP 3.1) Detected flag polling using UCRXIFG. Recommend using an interrupt combined with enter LPMx and ISR
"../main.c", line 118: remark #1528-D: (ULP 3.1) Detected flag polling using UCTXIFG. Recommend using an interrupt combined with enter LPMx and ISR
"../main.c", line 125: remark #1528-D: (ULP 3.1) Detected flag polling using UCRXIFG. Recommend using an interrupt combined with enter LPMx and ISR
'Finished building: ../main.c'
' '
'Building target: SPI_PC.out'
'Invoking: MSP430 Linker'
"C:/ti/ccsv6/tools/compiler/ti-cgt-msp430_4.4.3/bin/cl430" -vmspx --abi=eabi --data_model=restricted --use_hw_mpy=F5 --advice:power=all -g --define=__MSP430F5529__ --diag_warning=225 --display_error_number --diag_wrap=off --silicon_errata=CPU21 --silicon_errata=CPU22 --silicon_errata=CPU23 --silicon_errata=CPU40 --printf_support=minimal -z -m"SPI_PC.map" --heap_size=160 --stack_size=160 --cinit_hold_wdt=on -i"C:/ti/ccsv6/ccs_base/msp430/include" -i"C:/ti/ccsv6/tools/compiler/ti-cgt-msp430_4.4.3/lib" -i"C:/ti/ccsv6/tools/compiler/ti-cgt-msp430_4.4.3/include" -i"C:/ti/ccsv6/ccs_base/msp430/lib/5xx_6xx_FRxx" --reread_libs --warn_sections --display_error_number --diag_wrap=off --xml_link_info="SPI_PC_linkInfo.xml" --use_hw_mpy=F5 --rom_model -o "SPI_PC.out" "./main.obj" "../lnk_msp430f5529.cmd"  -l"libmath.a" -l"libc.a" 
<Linking>
remark #10371-D: (ULP 1.1) Detected no uses of low power mode state changing instructions
remark #10372-D: (ULP 4.1) Detected uninitialized Port C in this project. Recommend initializing all unused ports to eliminate wasted current consumption on unused pins.
remark #10372-D: (ULP 4.1) Detected uninitialized Port D in this project. Recommend initializing all unused ports to eliminate wasted current consumption on unused pins.
'Finished building target: SPI_PC.out'
' '

**** Build Finished ****

**** Build of configuration Debug for project SPI_PC ****

"C:\\ti\\ccsv6\\utils\\bin\\gmake" -k all 
'Building file: ../main.c'
'Invoking: MSP430 Compiler'
"C:/ti/ccsv6/tools/compiler/ti-cgt-msp430_4.4.3/bin/cl430" -vmspx --abi=eabi --data_model=restricted --use_hw_mpy=F5 --include_path="C:/ti/ccsv6/ccs_base/msp430/include" --include_path="C:/ti/ccsv6/tools/compiler/ti-cgt-msp430_4.4.3/include" --advice:power=all -g --define=__MSP430F5529__ --diag_warning=225 --display_error_number --diag_wrap=off --silicon_errata=CPU21 --silicon_errata=CPU22 --silicon_errata=CPU23 --silicon_errata=CPU40 --printf_support=minimal --preproc_with_compile --preproc_dependency="main.pp"  "../main.c"
"../main.c", line 50: warning #112-D: statement is unreachable
"../main.c", line 109: remark #1528-D: (ULP 3.1) Detected flag polling using UCRXIFG. Recommend using an interrupt combined with enter LPMx and ISR
"../main.c", line 118: remark #1528-D: (ULP 3.1) Detected flag polling using UCTXIFG. Recommend using an interrupt combined with enter LPMx and ISR
"../main.c", line 125: remark #1528-D: (ULP 3.1) Detected flag polling using UCRXIFG. Recommend using an interrupt combined with enter LPMx and ISR
'Finished building: ../main.c'
' '
'Building target: SPI_PC.out'
'Invoking: MSP430 Linker'
"C:/ti/ccsv6/tools/compiler/ti-cgt-msp430_4.4.3/bin/cl430" -vmspx --abi=eabi --data_model=restricted --use_hw_mpy=F5 --advice:power=all -g --define=__MSP430F5529__ --diag_warning=225 --display_error_number --diag_wrap=off --silicon_errata=CPU21 --silicon_errata=CPU22 --silicon_errata=CPU23 --silicon_errata=CPU40 --printf_support=minimal -z -m"SPI_PC.map" --heap_size=160 --stack_size=160 --cinit_hold_wdt=on -i"C:/ti/ccsv6/ccs_base/msp430/include" -i"C:/ti/ccsv6/tools/compiler/ti-cgt-msp430_4.4.3/lib" -i"C:/ti/ccsv6/tools/compiler/ti-cgt-msp430_4.4.3/include" -i"C:/ti/ccsv6/ccs_base/msp430/lib/5xx_6xx_FRxx" --reread_libs --warn_sections --display_error_number --diag_wrap=off --xml_link_info="SPI_PC_linkInfo.xml" --use_hw_mpy=F5 --rom_model -o "SPI_PC.out" "./main.obj" "../lnk_msp430f5529.cmd"  -l"libmath.a" -l"libc.a" 
<Linking>
remark #10371-D: (ULP 1.1) Detected no uses of low power mode state changing instructions
remark #10372-D: (ULP 4.1) Detected uninitialized Port C in this project. Recommend initializing all unused ports to eliminate wasted current consumption on unused pins.
remark #10372-D: (ULP 4.1) Detected uninitialized Port D in this project. Recommend initializing all unused ports to eliminate wasted current consumption on unused pins.
'Finished building target: SPI_PC.out'
' '

**** Build Finished ****
